2024-07-31 21:38:55,240 [INFO] Activator:176 - 


2024-07-31 21:38:55,251 [INFO] Activator:177 - !SESSION log4j initialized
2024-07-31 21:39:04,311 [INFO] LogOutputStream:77 - [STDOUT_REDIRECT] 
2024-07-31 21:39:11,105 [INFO] ApplicationProperties:184 - Using Application install path: G:\stm32cubeide\stm32cubeide114\STM32CubeIDE_1.14.0\STM32CubeIDE\plugins\com.st.stm32cube.common.mx_6.10.0.202311202037
2024-07-31 21:39:11,125 [INFO] DbMcusXml:78 - Set database path to: G:\stm32cubeide\stm32cubeide114\STM32CubeIDE_1.14.0\STM32CubeIDE\plugins\com.st.stm32cube.common.mx_6.10.0.202311202037\\db\/mcu/
2024-07-31 21:39:11,125 [INFO] ApiDb:274 - Set plugin database path to: G:\stm32cubeide\stm32cubeide114\STM32CubeIDE_1.14.0\STM32CubeIDE\plugins\com.st.stm32cube.common.mx_6.10.0.202311202037\\db\/plugins/boardmanager/
2024-07-31 21:39:11,126 [WARN] ApiDb:259 - Overriding images path with different value:  => G:\stm32cubeide\stm32cubeide114\STM32CubeIDE_1.14.0\STM32CubeIDE\plugins\com.st.stm32cube.common.mx_6.10.0.202311202037\\db\/plugins/mcufinder/images/
2024-07-31 21:39:11,142 [INFO] ApiDb:250 - Set database path to: C:\Users\Nghia\.stmcufinder\plugins\mcufinder//mcu/
2024-07-31 21:39:11,144 [INFO] DbMcusAds:125 - Set database path to: C:\Users\Nghia\.stmcufinder\plugins\mcufinder//mcu/
2024-07-31 21:39:11,146 [INFO] CrossReferenceDbSqlite:203 - Set database path to: C:\Users\Nghia\.stmcufinder\plugins\mcufinder//mcu/cs/
2024-07-31 21:39:11,283 [INFO] RulesReader:64 - Compatibility file has been processed (297 Rules)
2024-07-31 21:39:11,390 [INFO] DbMcusXml:78 - Set database path to: G:\stm32cubeide\stm32cubeide114\STM32CubeIDE_1.14.0\STM32CubeIDE\plugins\com.st.stm32cube.common.mx_6.10.0.202311202037\\db\/mcu/
2024-07-31 21:39:11,391 [INFO] ApiDb:274 - Set plugin database path to: G:\stm32cubeide\stm32cubeide114\STM32CubeIDE_1.14.0\STM32CubeIDE\plugins\com.st.stm32cube.common.mx_6.10.0.202311202037\\db\/plugins/boardmanager/
2024-07-31 21:39:11,391 [INFO] ApiDb:261 - Set plugin images path to: G:\stm32cubeide\stm32cubeide114\STM32CubeIDE_1.14.0\STM32CubeIDE\plugins\com.st.stm32cube.common.mx_6.10.0.202311202037\\db\/plugins/mcufinder/images/
2024-07-31 21:39:11,391 [WARN] DbFile:41 - Overriding database path with different value: C:\Users\Nghia\.stmcufinder\plugins\mcufinder/ => C:\Users\Nghia\.stmcufinder\plugins\mcufinder
2024-07-31 21:39:11,391 [INFO] ApiDb:250 - Set database path to: C:\Users\Nghia\.stmcufinder\plugins\mcufinder//mcu/
2024-07-31 21:39:11,391 [WARN] DbFile:41 - Overriding database path with different value: C:\Users\Nghia\.stmcufinder\plugins\mcufinder/ => C:\Users\Nghia\.stmcufinder\plugins\mcufinder
2024-07-31 21:39:11,391 [INFO] DbMcusAds:125 - Set database path to: C:\Users\Nghia\.stmcufinder\plugins\mcufinder//mcu/
2024-07-31 21:39:11,391 [WARN] DbFile:41 - Overriding database path with different value: C:\Users\Nghia\.stmcufinder\plugins\mcufinder/ => C:\Users\Nghia\.stmcufinder\plugins\mcufinder
2024-07-31 21:39:11,392 [WARN] DbFile:41 - Overriding database path with different value: C:\Users\Nghia\.stmcufinder\plugins\mcufinder/ => C:\Users\Nghia\.stmcufinder\plugins\mcufinder
2024-07-31 21:39:11,392 [INFO] CrossReferenceDbSqlite:203 - Set database path to: C:\Users\Nghia\.stmcufinder\plugins\mcufinder//mcu/cs/
2024-07-31 21:39:11,468 [INFO] MainPanel:264 - HeapMemory: 268435456
2024-07-31 21:39:11,559 [INFO] DbMcusXml:78 - Set database path to: G:\stm32cubeide\stm32cubeide114\STM32CubeIDE_1.14.0\STM32CubeIDE\plugins\com.st.stm32cube.common.mx_6.10.0.202311202037\\db\/mcu/
2024-07-31 21:39:11,559 [INFO] ApiDb:274 - Set plugin database path to: G:\stm32cubeide\stm32cubeide114\STM32CubeIDE_1.14.0\STM32CubeIDE\plugins\com.st.stm32cube.common.mx_6.10.0.202311202037\\db\/plugins/boardmanager/
2024-07-31 21:39:11,559 [INFO] ApiDb:261 - Set plugin images path to: G:\stm32cubeide\stm32cubeide114\STM32CubeIDE_1.14.0\STM32CubeIDE\plugins\com.st.stm32cube.common.mx_6.10.0.202311202037\\db\/plugins/mcufinder/images/
2024-07-31 21:39:11,560 [WARN] DbFile:41 - Overriding database path with different value: C:\Users\Nghia\.stmcufinder\plugins\mcufinder/ => C:\Users\Nghia\.stmcufinder\plugins\mcufinder
2024-07-31 21:39:11,560 [INFO] ApiDb:250 - Set database path to: C:\Users\Nghia\.stmcufinder\plugins\mcufinder//mcu/
2024-07-31 21:39:11,560 [WARN] DbFile:41 - Overriding database path with different value: C:\Users\Nghia\.stmcufinder\plugins\mcufinder/ => C:\Users\Nghia\.stmcufinder\plugins\mcufinder
2024-07-31 21:39:11,560 [INFO] DbMcusAds:125 - Set database path to: C:\Users\Nghia\.stmcufinder\plugins\mcufinder//mcu/
2024-07-31 21:39:11,560 [WARN] DbFile:41 - Overriding database path with different value: C:\Users\Nghia\.stmcufinder\plugins\mcufinder/ => C:\Users\Nghia\.stmcufinder\plugins\mcufinder
2024-07-31 21:39:11,560 [WARN] DbFile:41 - Overriding database path with different value: C:\Users\Nghia\.stmcufinder\plugins\mcufinder/ => C:\Users\Nghia\.stmcufinder\plugins\mcufinder
2024-07-31 21:39:11,560 [INFO] CrossReferenceDbSqlite:203 - Set database path to: C:\Users\Nghia\.stmcufinder\plugins\mcufinder//mcu/cs/
2024-07-31 21:39:11,578 [INFO] ApplicationProperties:184 - Using Application install path: G:\stm32cubeide\stm32cubeide114\STM32CubeIDE_1.14.0\STM32CubeIDE\plugins\com.st.stm32cube.common.mx_6.10.0.202311202037
2024-07-31 21:39:11,580 [INFO] PluginManage:196 - Search for loadable plugins [exclusion list=, ]
2024-07-31 21:39:11,581 [INFO] PluginManage:310 - Check plugin analytics
2024-07-31 21:39:16,707 [INFO] AnalyticsPlugin:253 - Accepted Software Licenses: STM32CubeMX.6.8.0,STM32CubeMX.6.1.1
2024-07-31 21:39:16,708 [INFO] AnalyticsPlugin:255 - Accepted CMSIS Pack Licenses: 
2024-07-31 21:39:16,708 [INFO] AnalyticsPlugin:257 - Accepted Firmware Licenses: FW.F4.1.27.0,FW.F4.1.28.0
2024-07-31 21:39:16,710 [INFO] PluginManage:359 - Loaded plugin analytics (category:tool,tabindex:-1)
2024-07-31 21:39:16,710 [INFO] PluginManage:310 - Check plugin cadmodel
2024-07-31 21:39:16,724 [INFO] CADModel:105 - Init CAD model plugin
2024-07-31 21:39:16,724 [INFO] PluginManage:359 - Loaded plugin cadmodel (category:power,tabindex:5)
2024-07-31 21:39:16,724 [INFO] PluginManage:310 - Check plugin clock
2024-07-31 21:39:16,741 [INFO] PluginManage:359 - Loaded plugin clock (category:base,tabindex:2)
2024-07-31 21:39:16,741 [INFO] PluginManage:310 - Check plugin ddr
2024-07-31 21:39:16,743 [INFO] PluginManage:359 - Loaded plugin ddr (category:tool,tabindex:6)
2024-07-31 21:39:16,743 [INFO] PluginManage:310 - Check plugin filemanager
2024-07-31 21:39:16,857 [INFO] PluginManage:359 - Loaded plugin filemanager (category:base,tabindex:10)
2024-07-31 21:39:16,857 [INFO] PluginManage:310 - Check plugin ipmanager
2024-07-31 21:39:16,863 [INFO] PluginManage:359 - Loaded plugin ipmanager (category:base,tabindex:5)
2024-07-31 21:39:16,864 [INFO] PluginManage:310 - Check plugin lpbam
2024-07-31 21:39:16,878 [INFO] PluginManage:359 - Loaded plugin lpbam (category:base,tabindex:0)
2024-07-31 21:39:16,878 [INFO] PluginManage:310 - Check plugin memorymap
2024-07-31 21:39:16,901 [INFO] PluginManage:359 - Loaded plugin memorymap (category:base,tabindex:4)
2024-07-31 21:39:16,901 [INFO] PluginManage:310 - Check plugin pinoutandconfiguration
2024-07-31 21:39:16,917 [INFO] PluginManage:359 - Loaded plugin pinoutandconfiguration (category:base,tabindex:1)
2024-07-31 21:39:16,917 [INFO] PluginManage:310 - Check plugin pinoutconfig
2024-07-31 21:39:17,021 [WARN] SupportedApi:132 - Cannot load RTOS API schema: s4s-elt-must-match.1: The content of 'definitions' must match (annotation?, (simpleType | complexType)?, (unique | key | keyref)*)). A problem was found starting at: attribute.
2024-07-31 21:39:17,183 [INFO] PluginManage:359 - Loaded plugin pinoutconfig (category:base,tabindex:0)
2024-07-31 21:39:17,183 [INFO] PluginManage:310 - Check plugin power
2024-07-31 21:39:17,203 [INFO] PluginManage:359 - Loaded plugin power (category:power,tabindex:4)
2024-07-31 21:39:17,203 [INFO] PluginManage:310 - Check plugin projectmanager
2024-07-31 21:39:17,219 [INFO] PluginManage:359 - Loaded plugin projectmanager (category:projectmanager,tabindex:3)
2024-07-31 21:39:17,220 [INFO] PluginManage:310 - Check plugin thirdparty
2024-07-31 21:39:17,493 [INFO] PluginManage:359 - Loaded plugin thirdparty (category:base,tabindex:-1)
2024-07-31 21:39:17,493 [INFO] PluginManage:310 - Check plugin tools
2024-07-31 21:39:17,493 [WARN] IntegrityCheckThread:84 - waiting for thirdparty lock release [integrity check]
2024-07-31 21:39:17,493 [INFO] IntegrityCheckThread:86 - entering critical section [integrity check]
2024-07-31 21:39:17,493 [INFO] ThirdPartyUpdaterWithRetryManager:70 - Updater plugin not ready yet. [1/15]
2024-07-31 21:39:17,548 [INFO] PluginManage:359 - Loaded plugin tools (category:base,tabindex:7)
2024-07-31 21:39:17,548 [INFO] PluginManage:310 - Check plugin tutovideos
2024-07-31 21:39:17,717 [INFO] PluginManage:359 - Loaded plugin tutovideos (category:base,tabindex:-1)
2024-07-31 21:39:17,717 [INFO] PluginManage:310 - Check plugin updater
2024-07-31 21:39:17,728 [INFO] PluginManage:359 - Loaded plugin updater (category:base,tabindex:12)
2024-07-31 21:39:17,728 [INFO] PluginManage:310 - Check plugin userauth
2024-07-31 21:39:17,733 [INFO] UserAuth:114 - Init User Auth plugin
2024-07-31 21:39:17,733 [INFO] PluginManage:359 - Loaded plugin userauth (category:base,tabindex:14)
2024-07-31 21:39:17,734 [INFO] PluginManage:283 - PluginManage : Loaded plugins [17]
2024-07-31 21:39:17,928 [INFO] PinOutPanel:1499 - setPackage(No Configuration,No Configuration)
2024-07-31 21:39:17,996 [INFO] CADModel:165 - CPN selected for project level
2024-07-31 21:39:17,996 [INFO] CADModel:114 - Register for checkConnection events
2024-07-31 21:39:18,019 [INFO] IPUIPlugin:80 - create IPUIPlugin
2024-07-31 21:39:18,019 [INFO] PluginManager:220 - loadIPPluginJar : add adc
2024-07-31 21:39:18,054 [INFO] IPUIPlugin:80 - create IPUIPlugin
2024-07-31 21:39:18,054 [INFO] PluginManager:220 - loadIPPluginJar : add aes
2024-07-31 21:39:18,092 [INFO] IPUIPlugin:80 - create IPUIPlugin
2024-07-31 21:39:18,092 [INFO] PluginManager:220 - loadIPPluginJar : add can
2024-07-31 21:39:18,116 [INFO] IPUIPlugin:80 - create IPUIPlugin
2024-07-31 21:39:18,117 [INFO] PluginManager:220 - loadIPPluginJar : add comp
2024-07-31 21:39:18,147 [INFO] IPUIPlugin:80 - create IPUIPlugin
2024-07-31 21:39:18,147 [INFO] PluginManager:220 - loadIPPluginJar : add cryp
2024-07-31 21:39:18,179 [INFO] IPUIPlugin:80 - create IPUIPlugin
2024-07-31 21:39:18,179 [INFO] PluginManager:220 - loadIPPluginJar : add dfsdm
2024-07-31 21:39:18,194 [INFO] IPUIPlugin:80 - create IPUIPlugin
2024-07-31 21:39:18,194 [INFO] PluginManager:220 - loadIPPluginJar : add dma
2024-07-31 21:39:18,242 [INFO] IPUIPlugin:80 - create IPUIPlugin
2024-07-31 21:39:18,242 [INFO] PluginManager:220 - loadIPPluginJar : add dma3
2024-07-31 21:39:18,265 [INFO] IPUIPlugin:80 - create IPUIPlugin
2024-07-31 21:39:18,265 [INFO] PluginManager:220 - loadIPPluginJar : add fatfs
2024-07-31 21:39:18,311 [INFO] IPUIPlugin:80 - create IPUIPlugin
2024-07-31 21:39:18,311 [INFO] PluginManager:220 - loadIPPluginJar : add fmc
2024-07-31 21:39:18,325 [INFO] IPUIPlugin:80 - create IPUIPlugin
2024-07-31 21:39:18,325 [INFO] PluginManager:220 - loadIPPluginJar : add freertos
2024-07-31 21:39:18,345 [INFO] IPUIPlugin:80 - create IPUIPlugin
2024-07-31 21:39:18,345 [INFO] PluginManager:220 - loadIPPluginJar : add genericplugin
2024-07-31 21:39:18,433 [INFO] IPUIPlugin:80 - create IPUIPlugin
2024-07-31 21:39:18,433 [INFO] PluginManager:220 - loadIPPluginJar : add gfxmmu
2024-07-31 21:39:18,558 [INFO] IPUIPlugin:80 - create IPUIPlugin
2024-07-31 21:39:18,558 [INFO] PluginManager:220 - loadIPPluginJar : add gic
2024-07-31 21:39:18,569 [INFO] IPUIPlugin:80 - create IPUIPlugin
2024-07-31 21:39:18,569 [INFO] PluginManager:220 - loadIPPluginJar : add gpio
2024-07-31 21:39:18,652 [INFO] IPUIPlugin:80 - create IPUIPlugin
2024-07-31 21:39:18,652 [INFO] PluginManager:220 - loadIPPluginJar : add gtzc
2024-07-31 21:39:18,686 [INFO] IPUIPlugin:80 - create IPUIPlugin
2024-07-31 21:39:18,687 [INFO] PluginManager:220 - loadIPPluginJar : add hash
2024-07-31 21:39:18,734 [INFO] IPUIPlugin:80 - create IPUIPlugin
2024-07-31 21:39:18,734 [INFO] PluginManager:220 - loadIPPluginJar : add i2c
2024-07-31 21:39:18,769 [INFO] IPUIPlugin:80 - create IPUIPlugin
2024-07-31 21:39:18,769 [INFO] PluginManager:220 - loadIPPluginJar : add i2s
2024-07-31 21:39:18,809 [INFO] IPUIPlugin:80 - create IPUIPlugin
2024-07-31 21:39:18,809 [INFO] PluginManager:220 - loadIPPluginJar : add i3c
2024-07-31 21:39:18,902 [INFO] IPUIPlugin:80 - create IPUIPlugin
2024-07-31 21:39:18,903 [INFO] PluginManager:220 - loadIPPluginJar : add ipddr
2024-07-31 21:39:18,989 [INFO] IPUIPlugin:80 - create IPUIPlugin
2024-07-31 21:39:18,990 [INFO] PluginManager:220 - loadIPPluginJar : add linkedlist
2024-07-31 21:39:19,023 [INFO] IPUIPlugin:80 - create IPUIPlugin
2024-07-31 21:39:19,023 [INFO] PluginManager:220 - loadIPPluginJar : add lorawan
2024-07-31 21:39:19,056 [INFO] IPUIPlugin:80 - create IPUIPlugin
2024-07-31 21:39:19,056 [INFO] PluginManager:220 - loadIPPluginJar : add ltdc
2024-07-31 21:39:19,069 [INFO] IPUIPlugin:80 - create IPUIPlugin
2024-07-31 21:39:19,070 [INFO] PluginManager:220 - loadIPPluginJar : add mdma
2024-07-31 21:39:19,082 [INFO] IPUIPlugin:80 - create IPUIPlugin
2024-07-31 21:39:19,083 [INFO] PluginManager:220 - loadIPPluginJar : add nvic
2024-07-31 21:39:19,123 [INFO] IPUIPlugin:80 - create IPUIPlugin
2024-07-31 21:39:19,124 [INFO] PluginManager:220 - loadIPPluginJar : add opamp
2024-07-31 21:39:19,204 [INFO] IPUIPlugin:80 - create IPUIPlugin
2024-07-31 21:39:19,204 [INFO] PluginManager:220 - loadIPPluginJar : add openamp
2024-07-31 21:39:19,245 [INFO] IPUIPlugin:80 - create IPUIPlugin
2024-07-31 21:39:19,245 [INFO] PluginManager:220 - loadIPPluginJar : add pdm2pcm
2024-07-31 21:39:19,257 [INFO] IPUIPlugin:80 - create IPUIPlugin
2024-07-31 21:39:19,259 [INFO] PluginManager:220 - loadIPPluginJar : add plateformsettings
2024-07-31 21:39:19,282 [INFO] IPUIPlugin:80 - create IPUIPlugin
2024-07-31 21:39:19,282 [INFO] PluginManager:220 - loadIPPluginJar : add quadspi
2024-07-31 21:39:19,293 [INFO] IPUIPlugin:80 - create IPUIPlugin
2024-07-31 21:39:19,294 [INFO] PluginManager:220 - loadIPPluginJar : add resmgrutility
2024-07-31 21:39:19,337 [INFO] IPUIPlugin:80 - create IPUIPlugin
2024-07-31 21:39:19,337 [INFO] PluginManager:220 - loadIPPluginJar : add sai
2024-07-31 21:39:19,374 [INFO] IPUIPlugin:80 - create IPUIPlugin
2024-07-31 21:39:19,374 [INFO] PluginManager:220 - loadIPPluginJar : add spi
2024-07-31 21:39:19,441 [INFO] IPUIPlugin:80 - create IPUIPlugin
2024-07-31 21:39:19,442 [INFO] PluginManager:220 - loadIPPluginJar : add stm32_wpan
2024-07-31 21:39:19,488 [INFO] IPUIPlugin:80 - create IPUIPlugin
2024-07-31 21:39:19,488 [INFO] PluginManager:220 - loadIPPluginJar : add tim
2024-07-31 21:39:19,540 [INFO] IPUIPlugin:80 - create IPUIPlugin
2024-07-31 21:39:19,540 [INFO] PluginManager:220 - loadIPPluginJar : add touchsensing
2024-07-31 21:39:19,560 [INFO] IPUIPlugin:80 - create IPUIPlugin
2024-07-31 21:39:19,560 [INFO] PluginManager:220 - loadIPPluginJar : add tracer_emb
2024-07-31 21:39:19,584 [INFO] IPUIPlugin:80 - create IPUIPlugin
2024-07-31 21:39:19,584 [INFO] PluginManager:220 - loadIPPluginJar : add ts
2024-07-31 21:39:19,609 [INFO] IPUIPlugin:80 - create IPUIPlugin
2024-07-31 21:39:19,609 [INFO] PluginManager:220 - loadIPPluginJar : add tsc
2024-07-31 21:39:19,632 [INFO] IPUIPlugin:80 - create IPUIPlugin
2024-07-31 21:39:19,632 [INFO] PluginManager:220 - loadIPPluginJar : add ucpd
2024-07-31 21:39:19,679 [INFO] IPUIPlugin:80 - create IPUIPlugin
2024-07-31 21:39:19,679 [INFO] PluginManager:220 - loadIPPluginJar : add usart
2024-07-31 21:39:19,723 [INFO] IPUIPlugin:80 - create IPUIPlugin
2024-07-31 21:39:19,723 [INFO] PluginManager:220 - loadIPPluginJar : add usbx
2024-07-31 21:39:19,849 [INFO] CADModel:165 - CPN selected for project level
2024-07-31 21:39:19,849 [INFO] CADModel:114 - Register for checkConnection events
2024-07-31 21:39:19,850 [FATAL] Updater:308 - Updater called before beeing initialized
2024-07-31 21:39:19,850 [ERROR] CADModel:125 - Updater not yet initialized, retry later 
2024-07-31 21:39:19,992 [INFO] CADModel:165 - CPN selected for project level
2024-07-31 21:39:19,992 [INFO] CADModel:114 - Register for checkConnection events
2024-07-31 21:39:19,992 [FATAL] Updater:308 - Updater called before beeing initialized
2024-07-31 21:39:19,993 [ERROR] CADModel:125 - Updater not yet initialized, retry later 
2024-07-31 21:39:19,995 [FATAL] Updater:308 - Updater called before beeing initialized
2024-07-31 21:39:20,119 [FATAL] Updater:308 - Updater called before beeing initialized
2024-07-31 21:39:20,129 [INFO] DbMcusAds:53 - JSON generation date=Wed Nov 29 17:52:27 ICT 2023 (1701255147349)
2024-07-31 21:39:20,129 [FATAL] Updater:308 - Updater called before beeing initialized
2024-07-31 21:39:20,221 [WARN] DetailPanel:346 - Failed to get advertising image, set to default
2024-07-31 21:39:20,300 [FATAL] Updater:308 - Updater called before beeing initialized
2024-07-31 21:39:20,301 [FATAL] Updater:308 - Updater called before beeing initialized
2024-07-31 21:39:20,301 [FATAL] Updater:308 - Updater called before beeing initialized
2024-07-31 21:39:20,302 [WARN] DetailPanel:346 - Failed to get advertising image, set to default
2024-07-31 21:39:20,302 [FATAL] Updater:308 - Updater called before beeing initialized
2024-07-31 21:39:20,367 [ERROR] Updater:1120 - MainUpdater not yet initialized. External WinMGr cannot be set.
2024-07-31 21:39:20,378 [INFO] Updater:1056 - Updater Version found : 6.10.0
2024-07-31 21:39:20,397 [INFO] ApplicationProperties:184 - Using Application install path: G:\stm32cubeide\stm32cubeide114\STM32CubeIDE_1.14.0\STM32CubeIDE\plugins\com.st.stm32cube.common.mx_6.10.0.202311202037
2024-07-31 21:39:20,495 [INFO] ThirdPartyUpdaterWithRetryManager:70 - Updater plugin not ready yet. [2/15]
2024-07-31 21:39:21,092 [INFO] MainUpdater:2873 - connection check result : 10
2024-07-31 21:39:21,092 [INFO] MainUpdater:3567 - Updater definition file requires update
2024-07-31 21:39:21,093 [INFO] MainUpdater:290 - Updater Check For Update Now.
2024-07-31 21:39:21,093 [INFO] MicroXplorer:498 - Change Database Version : DB.6.0.100
2024-07-31 21:39:21,109 [INFO] McuFinderGlobals:63 - Set McuFinder mode to 2 (CubeIDE integrated)
2024-07-31 21:39:21,466 [INFO] ServerAccessManage:473 - Download File updaters.zip
2024-07-31 21:39:21,648 [INFO] UserAuth:404 - Internet connection configuration mode: 1
2024-07-31 21:39:21,667 [INFO] JxBrowserEngine:152 - Initiate JxBrowser Engine with user profile folder
2024-07-31 21:39:21,922 [INFO] FileExtend:240 - Unzip File : updaters.zip
2024-07-31 21:39:21,922 [INFO] FileExtend:255 - Standard Zip Deflate
2024-07-31 21:39:23,052 [INFO] ServerAccessManage:473 - Download File PacksControlFlags.xml
2024-07-31 21:39:23,349 [INFO] ServerAccessManage:473 - Download File cubemx.pidx
2024-07-31 21:39:23,498 [WARN] MainUpdater:1194 - Updater busy. Cannot search thirdparties
2024-07-31 21:39:23,498 [INFO] ThirdPartyUpdaterWithRetryManager:96 - Updater plugin is busy. [1/15]
2024-07-31 21:39:24,679 [INFO] WebApp:161 - Instantiating new browser for Auth
2024-07-31 21:39:25,255 [INFO] ServerAccessManage:473 - Download File STMicroelectronics.X-CUBE-TOF1.pdsc
2024-07-31 21:39:25,420 [INFO] WebApp:780 - Register for checkConnection events
2024-07-31 21:39:25,421 [INFO] WebApp:414 - Apply proxy settings
2024-07-31 21:39:25,421 [INFO] WebApp:499 - Chromium requires no authentication
2024-07-31 21:39:25,431 [INFO] WebApp:442 - Direct internet connection detected
2024-07-31 21:39:25,605 [INFO] WebApp:192 - Starting web application
2024-07-31 21:39:25,605 [INFO] WebApp:544 - Web application path used G:\stm32cubeide\stm32cubeide114\STM32CubeIDE_1.14.0\STM32CubeIDE\plugins\com.st.stm32cube.common.mx_6.10.0.202311202037\db\plugins\mcufinder\reactClient1\index.html
2024-07-31 21:39:26,501 [WARN] MainUpdater:1194 - Updater busy. Cannot search thirdparties
2024-07-31 21:39:26,501 [INFO] ThirdPartyUpdaterWithRetryManager:96 - Updater plugin is busy. [2/15]
2024-07-31 21:39:29,411 [ERROR] ServerAccessManage:1089 - Problem, file not found on Server
2024-07-31 21:39:29,501 [WARN] MainUpdater:1194 - Updater busy. Cannot search thirdparties
2024-07-31 21:39:29,501 [INFO] ThirdPartyUpdaterWithRetryManager:96 - Updater plugin is busy. [3/15]
2024-07-31 21:39:30,349 [WARN] PackLoader:240 - Cannot read IP mode file for STMicroelectronics.X-CUBE-TOF1.3.4.2
2024-07-31 21:39:30,381 [INFO] PopulateThirdPartyThread:66 - Ending populate Thread
2024-07-31 21:39:30,382 [INFO] ThirdParty:1030 - CMSIS Pack Vendor :STMicroelectronics X-CUBE-TOF1 3.4.2
2024-07-31 21:39:30,383 [INFO] LoadServerUpdatesThread:375 - End of LoadServerUpdate Thread
2024-07-31 21:39:30,473 [INFO] CheckServerUpdateThread:120 - End of CheckServer Thread
2024-07-31 21:39:32,695 [WARN] PackLoader:240 - Cannot read IP mode file for STMicroelectronics.FP-SNS-MOTENVWB1.1.4.0
2024-07-31 21:39:32,711 [WARN] PackLoader:240 - Cannot read IP mode file for STMicroelectronics.X-CUBE-SMBUS.2.1.0
2024-07-31 21:39:32,749 [WARN] PackLoader:240 - Cannot read IP mode file for STMicroelectronics.X-CUBE-AZRTOS-F7.1.1.0
2024-07-31 21:39:32,762 [WARN] PackLoader:240 - Cannot read IP mode file for STMicroelectronics.FP-SNS-FLIGHT1.5.0.2
2024-07-31 21:39:32,786 [WARN] PackLoader:240 - Cannot read IP mode file for STMicroelectronics.X-CUBE-DISPLAY.3.0.0
2024-07-31 21:39:32,820 [WARN] PackLoader:240 - Cannot read IP mode file for STMicroelectronics.X-CUBE-BLE1.7.0.0
2024-07-31 21:39:32,840 [WARN] PackLoader:240 - Cannot read IP mode file for emotas.I-CUBE-CANOPEN.1.3.0
2024-07-31 21:39:32,878 [WARN] PackLoader:240 - Cannot read IP mode file for STMicroelectronics.X-CUBE-BLEMGR.3.1.0
2024-07-31 21:39:32,900 [WARN] PackLoader:240 - Cannot read IP mode file for STMicroelectronics.FP-SNS-SMARTAG2.1.2.0
2024-07-31 21:39:32,932 [INFO] LogOutputStream:77 - [STDOUT_REDIRECT] 1 : Invalid condition id : UX_CORESTACK_Condition cause : null
2024-07-31 21:39:32,932 [INFO] LogOutputStream:77 - [STDOUT_REDIRECT] 1 : Invalid condition id : UX_CORESTACK_Condition cause : null
2024-07-31 21:39:32,933 [INFO] LogOutputStream:77 - [STDOUT_REDIRECT] 1 : Invalid condition id : UX_CORESTACK_Condition cause : null
2024-07-31 21:39:32,935 [INFO] LogOutputStream:77 - [STDOUT_REDIRECT] 1 : Invalid condition id : UX_CORESTACK_Condition cause : null
2024-07-31 21:39:32,937 [INFO] LogOutputStream:77 - [STDOUT_REDIRECT] 1 : Invalid condition id : UX_CORESTACK_Condition cause : null
2024-07-31 21:39:32,941 [WARN] PackLoader:240 - Cannot read IP mode file for STMicroelectronics.X-CUBE-AZRTOS-WL.2.0.0
2024-07-31 21:39:32,959 [WARN] PackLoader:240 - Cannot read IP mode file for STMicroelectronics.FP-SNS-MOTENV1.5.0.0
2024-07-31 21:39:32,967 [WARN] PackLoader:240 - Cannot read IP mode file for wolfSSL.I-CUBE-wolfMQTT.1.19.0
2024-07-31 21:39:32,985 [WARN] PackLoader:240 - Cannot read IP mode file for WES.I-CUBE-Cesium.1.3.0
2024-07-31 21:39:33,002 [WARN] PackLoader:240 - Cannot read IP mode file for STMicroelectronics.X-CUBE-BLE2.3.3.0
2024-07-31 21:39:33,016 [WARN] PackLoader:240 - Cannot read IP mode file for STMicroelectronics.X-CUBE-TCPP.4.1.0
2024-07-31 21:39:33,050 [WARN] PackLoader:240 - Cannot read IP mode file for STMicroelectronics.X-CUBE-AZRTOS-G0.1.1.0
2024-07-31 21:39:33,068 [WARN] PackLoader:240 - Cannot read IP mode file for STMicroelectronics.X-CUBE-SAFEA1.1.2.2
2024-07-31 21:39:33,086 [WARN] PackLoader:240 - Cannot read IP mode file for STMicroelectronics.X-CUBE-NFC4.3.0.0
2024-07-31 21:39:33,110 [WARN] PackLoader:240 - Cannot read IP mode file for EmbeddedOffice.I-CUBE-FS-RTOS.1.0.1
2024-07-31 21:39:33,110 [ERROR] ConditionMgr:805 - Attr not supported : Dmpu
2024-07-31 21:39:33,111 [ERROR] ConditionMgr:805 - Attr not supported : Dmpu
2024-07-31 21:39:33,111 [ERROR] ConditionMgr:805 - Attr not supported : Dmpu
2024-07-31 21:39:33,111 [ERROR] ConditionMgr:805 - Attr not supported : Dmpu
2024-07-31 21:39:33,111 [ERROR] ConditionMgr:805 - Attr not supported : Dmpu
2024-07-31 21:39:33,111 [ERROR] ConditionMgr:805 - Attr not supported : Dmpu
2024-07-31 21:39:33,111 [ERROR] ConditionMgr:805 - Attr not supported : Dmpu
2024-07-31 21:39:33,111 [ERROR] ConditionMgr:805 - Attr not supported : Dmpu
2024-07-31 21:39:33,111 [ERROR] ConditionMgr:805 - Attr not supported : Dmpu
2024-07-31 21:39:33,111 [ERROR] ConditionMgr:805 - Attr not supported : Dmpu
2024-07-31 21:39:33,111 [ERROR] ConditionMgr:805 - Attr not supported : Dmpu
2024-07-31 21:39:33,111 [ERROR] ConditionMgr:805 - Attr not supported : Dmpu
2024-07-31 21:39:33,111 [ERROR] ConditionMgr:805 - Attr not supported : Dmpu
2024-07-31 21:39:33,111 [ERROR] ConditionMgr:805 - Attr not supported : Dmpu
2024-07-31 21:39:33,111 [ERROR] ConditionMgr:805 - Attr not supported : Dmpu
2024-07-31 21:39:33,111 [ERROR] ConditionMgr:805 - Attr not supported : Dmpu
2024-07-31 21:39:33,111 [ERROR] ConditionMgr:805 - Attr not supported : Dmpu
2024-07-31 21:39:33,111 [ERROR] ConditionMgr:805 - Attr not supported : Dmpu
2024-07-31 21:39:33,112 [ERROR] ConditionMgr:805 - Attr not supported : Dmpu
2024-07-31 21:39:33,112 [ERROR] ConditionMgr:805 - Attr not supported : Dmpu
2024-07-31 21:39:33,112 [ERROR] ConditionMgr:805 - Attr not supported : Dmpu
2024-07-31 21:39:33,112 [ERROR] ConditionMgr:805 - Attr not supported : Dmpu
2024-07-31 21:39:33,112 [ERROR] ConditionMgr:805 - Attr not supported : Dmpu
2024-07-31 21:39:33,112 [ERROR] ConditionMgr:805 - Attr not supported : Dmpu
2024-07-31 21:39:33,112 [ERROR] ConditionMgr:805 - Attr not supported : Dmpu
2024-07-31 21:39:33,112 [ERROR] ConditionMgr:805 - Attr not supported : Dmpu
2024-07-31 21:39:33,112 [ERROR] ConditionMgr:805 - Attr not supported : Dmpu
2024-07-31 21:39:33,112 [ERROR] ConditionMgr:805 - Attr not supported : Dmpu
2024-07-31 21:39:33,112 [ERROR] ConditionMgr:805 - Attr not supported : Dmpu
2024-07-31 21:39:33,112 [ERROR] ConditionMgr:805 - Attr not supported : Dmpu
2024-07-31 21:39:33,112 [ERROR] ConditionMgr:805 - Attr not supported : Dmpu
2024-07-31 21:39:33,112 [ERROR] ConditionMgr:805 - Attr not supported : Dmpu
2024-07-31 21:39:33,112 [ERROR] ConditionMgr:805 - Attr not supported : Dmpu
2024-07-31 21:39:33,112 [ERROR] ConditionMgr:805 - Attr not supported : Dmpu
2024-07-31 21:39:33,112 [ERROR] ConditionMgr:805 - Attr not supported : Dmpu
2024-07-31 21:39:33,112 [ERROR] ConditionMgr:805 - Attr not supported : Dmpu
2024-07-31 21:39:33,112 [ERROR] ConditionMgr:805 - Attr not supported : Dmpu
2024-07-31 21:39:33,113 [ERROR] ConditionMgr:805 - Attr not supported : Dmpu
2024-07-31 21:39:33,113 [ERROR] ConditionMgr:805 - Attr not supported : Dmpu
2024-07-31 21:39:33,113 [ERROR] ConditionMgr:805 - Attr not supported : Dmpu
2024-07-31 21:39:33,113 [ERROR] ConditionMgr:805 - Attr not supported : Dmpu
2024-07-31 21:39:33,113 [ERROR] ConditionMgr:805 - Attr not supported : Dmpu
2024-07-31 21:39:33,113 [ERROR] ConditionMgr:805 - Attr not supported : Dmpu
2024-07-31 21:39:33,113 [ERROR] ConditionMgr:805 - Attr not supported : Dmpu
2024-07-31 21:39:33,113 [ERROR] ConditionMgr:805 - Attr not supported : Dmpu
2024-07-31 21:39:33,113 [ERROR] ConditionMgr:805 - Attr not supported : Dmpu
2024-07-31 21:39:33,113 [ERROR] ConditionMgr:805 - Attr not supported : Dmpu
2024-07-31 21:39:33,113 [ERROR] ConditionMgr:805 - Attr not supported : Dmpu
2024-07-31 21:39:33,113 [ERROR] ConditionMgr:805 - Attr not supported : Dmpu
2024-07-31 21:39:33,113 [ERROR] ConditionMgr:805 - Attr not supported : Dmpu
2024-07-31 21:39:33,113 [ERROR] ConditionMgr:805 - Attr not supported : Dmpu
2024-07-31 21:39:33,113 [ERROR] ConditionMgr:805 - Attr not supported : Dmpu
2024-07-31 21:39:33,113 [ERROR] ConditionMgr:805 - Attr not supported : Dmpu
2024-07-31 21:39:33,114 [ERROR] ConditionMgr:805 - Attr not supported : Dmpu
2024-07-31 21:39:33,114 [ERROR] ConditionMgr:805 - Attr not supported : Dmpu
2024-07-31 21:39:33,114 [ERROR] ConditionMgr:805 - Attr not supported : Dmpu
2024-07-31 21:39:33,114 [ERROR] ConditionMgr:805 - Attr not supported : Dmpu
2024-07-31 21:39:33,114 [ERROR] ConditionMgr:805 - Attr not supported : Dmpu
2024-07-31 21:39:33,114 [ERROR] ConditionMgr:805 - Attr not supported : Dmpu
2024-07-31 21:39:33,114 [ERROR] ConditionMgr:805 - Attr not supported : Dmpu
2024-07-31 21:39:33,114 [ERROR] ConditionMgr:805 - Attr not supported : Dmpu
2024-07-31 21:39:33,114 [ERROR] ConditionMgr:805 - Attr not supported : Dmpu
2024-07-31 21:39:33,114 [ERROR] ConditionMgr:805 - Attr not supported : Dmpu
2024-07-31 21:39:33,114 [ERROR] ConditionMgr:805 - Attr not supported : Dmpu
2024-07-31 21:39:33,133 [WARN] PackLoader:240 - Cannot read IP mode file for RealThread.X-CUBE-RT-Thread_Nano.4.1.1
2024-07-31 21:39:33,141 [WARN] PackLoader:240 - Cannot read IP mode file for STMicroelectronics.FP-ATR-SIGFOX1.3.2.0
2024-07-31 21:39:33,154 [WARN] PackLoader:240 - Cannot read IP mode file for wolfSSL.I-CUBE-wolfSSL.5.7.2
2024-07-31 21:39:33,173 [WARN] PackLoader:240 - Cannot read IP mode file for STMicroelectronics.X-CUBE-EEPRMA1.5.1.0
2024-07-31 21:39:33,195 [WARN] PackLoader:240 - Cannot read IP mode file for ITTIA_DB.I-CUBE-ITTIADB.8.9.0
2024-07-31 21:39:33,244 [WARN] PackLoader:240 - Cannot read IP mode file for SEGGER.I-CUBE-embOS.1.3.1
2024-07-31 21:39:33,313 [WARN] PackLoader:240 - Cannot read IP mode file for STMicroelectronics.X-CUBE-ALGOBUILD.1.4.0
2024-07-31 21:39:33,329 [WARN] PackLoader:240 - Cannot read IP mode file for STMicroelectronics.X-CUBE-GNSS1.6.0.0
2024-07-31 21:39:33,362 [WARN] PackLoader:240 - Cannot read IP mode file for STMicroelectronics.X-CUBE-AZRTOS-F4.1.1.0
2024-07-31 21:39:33,381 [WARN] PackLoader:240 - Cannot read IP mode file for STMicroelectronics.X-CUBE-FREERTOS.1.2.0
2024-07-31 21:39:33,410 [WARN] PackLoader:240 - Cannot read IP mode file for STMicroelectronics.X-CUBE-AZRTOS-L5.2.0.0
2024-07-31 21:39:33,428 [WARN] PackLoader:240 - Cannot read IP mode file for STMicroelectronics.X-CUBE-NFC6.3.1.0
2024-07-31 21:39:33,447 [WARN] PackLoader:240 - Cannot read IP mode file for STMicroelectronics.X-CUBE-DPower.1.2.0
2024-07-31 21:39:33,462 [WARN] PackLoader:240 - Cannot read IP mode file for STMicroelectronics.X-CUBE-AI.9.0.0
2024-07-31 21:39:33,479 [WARN] PackLoader:240 - Cannot read IP mode file for STMicroelectronics.X-CUBE-NFC7.1.0.1
2024-07-31 21:39:33,486 [WARN] PackLoader:240 - Cannot read IP mode file for wolfSSL.I-CUBE-wolfTPM.3.2.0
2024-07-31 21:39:33,523 [WARN] ConditionMgr:438 - getConditionDescription Invalid condition id : LAN8742 Phy interface Condition cause : null
2024-07-31 21:39:33,523 [WARN] PackLoader:240 - Cannot read IP mode file for STMicroelectronics.X-CUBE-AZRTOS-L4.2.0.0
2024-07-31 21:39:33,526 [WARN] ConditionMgr:1039 - genDependencies : Invalid condition id : LAN8742 Phy interface Condition cause : null
2024-07-31 21:39:33,526 [WARN] ConditionMgr:1039 - genDependencies : Invalid condition id : LAN8742 Phy interface Condition cause : null
2024-07-31 21:39:33,527 [WARN] ConditionMgr:1039 - genDependencies : Invalid condition id : LAN8742 Phy interface Condition cause : null
2024-07-31 21:39:33,546 [WARN] PackLoader:240 - Cannot read IP mode file for STMicroelectronics.X-CUBE-SFXS2LP1.4.0.0
2024-07-31 21:39:33,582 [WARN] ConditionMgr:438 - getConditionDescription Invalid condition id : UX DEVICE CLASS RTOS Condition cause : null
2024-07-31 21:39:33,582 [WARN] ConditionMgr:438 - getConditionDescription Invalid condition id : UX DEVICE CLASS RTOS Condition cause : null
2024-07-31 21:39:33,584 [WARN] PackLoader:240 - Cannot read IP mode file for STMicroelectronics.X-CUBE-AZRTOS-WB.2.0.0
2024-07-31 21:39:33,584 [WARN] ConditionMgr:1039 - genDependencies : Invalid condition id : UX DEVICE CLASS RTOS Condition cause : null
2024-07-31 21:39:33,584 [WARN] ConditionMgr:1039 - genDependencies : Invalid condition id : UX DEVICE CLASS RTOS Condition cause : null
2024-07-31 21:39:33,584 [WARN] ConditionMgr:1039 - genDependencies : Invalid condition id : UX DEVICE CLASS RTOS Condition cause : null
2024-07-31 21:39:33,585 [WARN] ConditionMgr:1039 - genDependencies : Invalid condition id : UX DEVICE CLASS RTOS Condition cause : null
2024-07-31 21:39:33,585 [WARN] ConditionMgr:1039 - genDependencies : Invalid condition id : UX DEVICE CLASS RTOS Condition cause : null
2024-07-31 21:39:33,601 [WARN] PackLoader:240 - Cannot read IP mode file for STMicroelectronics.FP-SNS-STBOX1.2.0.0
2024-07-31 21:39:33,626 [WARN] PackLoader:240 - Cannot read IP mode file for STMicroelectronics.X-CUBE-SUBG2.5.0.0
2024-07-31 21:39:33,636 [WARN] PackLoader:240 - Cannot read IP mode file for Cesanta.I-CUBE-Mongoose.7.13.0
2024-07-31 21:39:33,666 [WARN] PackLoader:240 - Cannot read IP mode file for STMicroelectronics.X-CUBE-AZRTOS-G4.2.0.0
2024-07-31 21:39:33,682 [WARN] PackLoader:240 - Cannot read IP mode file for STMicroelectronics.X-CUBE-ISPU.2.0.0
2024-07-31 21:39:33,696 [WARN] PackLoader:240 - Cannot read IP mode file for STMicroelectronics.X-CUBE-ALS.1.0.2
2024-07-31 21:39:33,747 [WARN] PackLoader:240 - Cannot read IP mode file for STMicroelectronics.X-CUBE-MEMS1.10.0.0
2024-07-31 21:39:33,887 [WARN] PackLoader:240 - Cannot read IP mode file for STMicroelectronics.X-CUBE-TOUCHGFX.4.24.0
2024-07-31 21:39:33,905 [WARN] PackLoader:240 - Cannot read IP mode file for portGmbH.I-Cube-SoM-uGOAL.1.1.0
2024-07-31 21:39:33,941 [WARN] PackLoader:240 - Cannot read IP mode file for STMicroelectronics.X-CUBE-AZRTOS-H7RS.1.0.0
2024-07-31 21:39:33,950 [WARN] PackLoader:240 - Cannot read IP mode file for STMicroelectronics.FP-ATR-ASTRA1.2.0.0
2024-07-31 21:39:33,959 [WARN] PackLoader:240 - Cannot read IP mode file for STMicroelectronics.X-CUBE-TOF1.3.4.2
2024-07-31 21:39:33,989 [WARN] PackLoader:240 - Cannot read IP mode file for STMicroelectronics.X-CUBE-TOF1.3.4.1
2024-07-31 21:39:34,035 [WARN] PackLoader:240 - Cannot read IP mode file for STMicroelectronics.X-CUBE-AZRTOS-H7.3.2.0
2024-07-31 21:39:34,064 [WARN] PackLoader:240 - Cannot read IP mode file for Infineon.AIROC-Wi-Fi-Bluetooth-STM32.1.6.0
2024-07-31 21:39:34,074 [WARN] PackLoader:240 - Cannot read IP mode file for wolfSSL.I-CUBE-wolfSSH.1.4.17
2024-07-31 21:39:34,075 [INFO] ThirdParty:978 - Integrity check success = true
2024-07-31 21:39:34,075 [INFO] IntegrityCheckThread:100 - exiting critical section [integrity check]
2024-07-31 21:39:34,075 [INFO] IntegrityCheckThread:103 - End integrity checks thread
2024-07-31 21:39:46,660 [ERROR] LogOutputStream:75 - [STDERR_REDIRECT] SLF4J: Failed to load class "org.slf4j.impl.StaticLoggerBinder".
2024-07-31 21:39:46,661 [ERROR] LogOutputStream:75 - [STDERR_REDIRECT] SLF4J: Defaulting to no-operation (NOP) logger implementation
2024-07-31 21:39:46,662 [ERROR] LogOutputStream:75 - [STDERR_REDIRECT] SLF4J: See http://www.slf4j.org/codes.html#StaticLoggerBinder for further details.
2024-07-31 21:40:57,735 [ERROR] LogOutputStream:75 - [STDERR_REDIRECT] 
