2024-07-24 11:31:38,211 [INFO] Activator:176 - 


2024-07-24 11:31:38,217 [INFO] Activator:177 - !SESSION log4j initialized
2024-07-24 11:31:44,599 [INFO] LogOutputStream:77 - [STDOUT_REDIRECT] 
2024-07-24 11:31:47,518 [INFO] ApplicationProperties:184 - Using Application install path: G:\stm32cubeide\stm32cubeide114\STM32CubeIDE_1.14.0\STM32CubeIDE\plugins\com.st.stm32cube.common.mx_6.10.0.202311202037
2024-07-24 11:31:47,535 [INFO] DbMcusXml:78 - Set database path to: G:\stm32cubeide\stm32cubeide114\STM32CubeIDE_1.14.0\STM32CubeIDE\plugins\com.st.stm32cube.common.mx_6.10.0.202311202037\\db\/mcu/
2024-07-24 11:31:47,536 [INFO] ApiDb:274 - Set plugin database path to: G:\stm32cubeide\stm32cubeide114\STM32CubeIDE_1.14.0\STM32CubeIDE\plugins\com.st.stm32cube.common.mx_6.10.0.202311202037\\db\/plugins/boardmanager/
2024-07-24 11:31:47,536 [WARN] ApiDb:259 - Overriding images path with different value:  => G:\stm32cubeide\stm32cubeide114\STM32CubeIDE_1.14.0\STM32CubeIDE\plugins\com.st.stm32cube.common.mx_6.10.0.202311202037\\db\/plugins/mcufinder/images/
2024-07-24 11:31:47,549 [INFO] ApiDb:250 - Set database path to: C:\Users\Nghia\.stmcufinder\plugins\mcufinder//mcu/
2024-07-24 11:31:47,550 [INFO] DbMcusAds:125 - Set database path to: C:\Users\Nghia\.stmcufinder\plugins\mcufinder//mcu/
2024-07-24 11:31:47,552 [INFO] CrossReferenceDbSqlite:203 - Set database path to: C:\Users\Nghia\.stmcufinder\plugins\mcufinder//mcu/cs/
2024-07-24 11:31:47,662 [INFO] RulesReader:64 - Compatibility file has been processed (297 Rules)
2024-07-24 11:31:47,734 [INFO] DbMcusXml:78 - Set database path to: G:\stm32cubeide\stm32cubeide114\STM32CubeIDE_1.14.0\STM32CubeIDE\plugins\com.st.stm32cube.common.mx_6.10.0.202311202037\\db\/mcu/
2024-07-24 11:31:47,734 [INFO] ApiDb:274 - Set plugin database path to: G:\stm32cubeide\stm32cubeide114\STM32CubeIDE_1.14.0\STM32CubeIDE\plugins\com.st.stm32cube.common.mx_6.10.0.202311202037\\db\/plugins/boardmanager/
2024-07-24 11:31:47,734 [INFO] ApiDb:261 - Set plugin images path to: G:\stm32cubeide\stm32cubeide114\STM32CubeIDE_1.14.0\STM32CubeIDE\plugins\com.st.stm32cube.common.mx_6.10.0.202311202037\\db\/plugins/mcufinder/images/
2024-07-24 11:31:47,734 [WARN] DbFile:41 - Overriding database path with different value: C:\Users\Nghia\.stmcufinder\plugins\mcufinder/ => C:\Users\Nghia\.stmcufinder\plugins\mcufinder
2024-07-24 11:31:47,734 [INFO] ApiDb:250 - Set database path to: C:\Users\Nghia\.stmcufinder\plugins\mcufinder//mcu/
2024-07-24 11:31:47,734 [WARN] DbFile:41 - Overriding database path with different value: C:\Users\Nghia\.stmcufinder\plugins\mcufinder/ => C:\Users\Nghia\.stmcufinder\plugins\mcufinder
2024-07-24 11:31:47,734 [INFO] DbMcusAds:125 - Set database path to: C:\Users\Nghia\.stmcufinder\plugins\mcufinder//mcu/
2024-07-24 11:31:47,734 [WARN] DbFile:41 - Overriding database path with different value: C:\Users\Nghia\.stmcufinder\plugins\mcufinder/ => C:\Users\Nghia\.stmcufinder\plugins\mcufinder
2024-07-24 11:31:47,735 [WARN] DbFile:41 - Overriding database path with different value: C:\Users\Nghia\.stmcufinder\plugins\mcufinder/ => C:\Users\Nghia\.stmcufinder\plugins\mcufinder
2024-07-24 11:31:47,735 [INFO] CrossReferenceDbSqlite:203 - Set database path to: C:\Users\Nghia\.stmcufinder\plugins\mcufinder//mcu/cs/
2024-07-24 11:31:47,802 [INFO] MainPanel:264 - HeapMemory: 268435456
2024-07-24 11:31:47,887 [INFO] DbMcusXml:78 - Set database path to: G:\stm32cubeide\stm32cubeide114\STM32CubeIDE_1.14.0\STM32CubeIDE\plugins\com.st.stm32cube.common.mx_6.10.0.202311202037\\db\/mcu/
2024-07-24 11:31:47,887 [INFO] ApiDb:274 - Set plugin database path to: G:\stm32cubeide\stm32cubeide114\STM32CubeIDE_1.14.0\STM32CubeIDE\plugins\com.st.stm32cube.common.mx_6.10.0.202311202037\\db\/plugins/boardmanager/
2024-07-24 11:31:47,887 [INFO] ApiDb:261 - Set plugin images path to: G:\stm32cubeide\stm32cubeide114\STM32CubeIDE_1.14.0\STM32CubeIDE\plugins\com.st.stm32cube.common.mx_6.10.0.202311202037\\db\/plugins/mcufinder/images/
2024-07-24 11:31:47,888 [WARN] DbFile:41 - Overriding database path with different value: C:\Users\Nghia\.stmcufinder\plugins\mcufinder/ => C:\Users\Nghia\.stmcufinder\plugins\mcufinder
2024-07-24 11:31:47,888 [INFO] ApiDb:250 - Set database path to: C:\Users\Nghia\.stmcufinder\plugins\mcufinder//mcu/
2024-07-24 11:31:47,888 [WARN] DbFile:41 - Overriding database path with different value: C:\Users\Nghia\.stmcufinder\plugins\mcufinder/ => C:\Users\Nghia\.stmcufinder\plugins\mcufinder
2024-07-24 11:31:47,888 [INFO] DbMcusAds:125 - Set database path to: C:\Users\Nghia\.stmcufinder\plugins\mcufinder//mcu/
2024-07-24 11:31:47,888 [WARN] DbFile:41 - Overriding database path with different value: C:\Users\Nghia\.stmcufinder\plugins\mcufinder/ => C:\Users\Nghia\.stmcufinder\plugins\mcufinder
2024-07-24 11:31:47,888 [WARN] DbFile:41 - Overriding database path with different value: C:\Users\Nghia\.stmcufinder\plugins\mcufinder/ => C:\Users\Nghia\.stmcufinder\plugins\mcufinder
2024-07-24 11:31:47,888 [INFO] CrossReferenceDbSqlite:203 - Set database path to: C:\Users\Nghia\.stmcufinder\plugins\mcufinder//mcu/cs/
2024-07-24 11:31:47,905 [INFO] ApplicationProperties:184 - Using Application install path: G:\stm32cubeide\stm32cubeide114\STM32CubeIDE_1.14.0\STM32CubeIDE\plugins\com.st.stm32cube.common.mx_6.10.0.202311202037
2024-07-24 11:31:47,906 [INFO] PluginManage:196 - Search for loadable plugins [exclusion list=, ]
2024-07-24 11:31:47,908 [INFO] PluginManage:310 - Check plugin analytics
2024-07-24 11:31:53,074 [INFO] AnalyticsPlugin:253 - Accepted Software Licenses: STM32CubeMX.6.8.0,STM32CubeMX.6.1.1
2024-07-24 11:31:53,074 [INFO] AnalyticsPlugin:255 - Accepted CMSIS Pack Licenses: 
2024-07-24 11:31:53,074 [INFO] AnalyticsPlugin:257 - Accepted Firmware Licenses: FW.F4.1.27.0,FW.F4.1.28.0
2024-07-24 11:31:53,076 [INFO] PluginManage:359 - Loaded plugin analytics (category:tool,tabindex:-1)
2024-07-24 11:31:53,077 [INFO] PluginManage:310 - Check plugin cadmodel
2024-07-24 11:31:53,090 [INFO] CADModel:105 - Init CAD model plugin
2024-07-24 11:31:53,090 [INFO] PluginManage:359 - Loaded plugin cadmodel (category:power,tabindex:5)
2024-07-24 11:31:53,090 [INFO] PluginManage:310 - Check plugin clock
2024-07-24 11:31:53,108 [INFO] PluginManage:359 - Loaded plugin clock (category:base,tabindex:2)
2024-07-24 11:31:53,108 [INFO] PluginManage:310 - Check plugin ddr
2024-07-24 11:31:53,111 [INFO] PluginManage:359 - Loaded plugin ddr (category:tool,tabindex:6)
2024-07-24 11:31:53,111 [INFO] PluginManage:310 - Check plugin filemanager
2024-07-24 11:31:53,257 [INFO] PluginManage:359 - Loaded plugin filemanager (category:base,tabindex:10)
2024-07-24 11:31:53,257 [INFO] PluginManage:310 - Check plugin ipmanager
2024-07-24 11:31:53,263 [INFO] PluginManage:359 - Loaded plugin ipmanager (category:base,tabindex:5)
2024-07-24 11:31:53,264 [INFO] PluginManage:310 - Check plugin lpbam
2024-07-24 11:31:53,279 [INFO] PluginManage:359 - Loaded plugin lpbam (category:base,tabindex:0)
2024-07-24 11:31:53,279 [INFO] PluginManage:310 - Check plugin memorymap
2024-07-24 11:31:53,303 [INFO] PluginManage:359 - Loaded plugin memorymap (category:base,tabindex:4)
2024-07-24 11:31:53,304 [INFO] PluginManage:310 - Check plugin pinoutandconfiguration
2024-07-24 11:31:53,319 [INFO] PluginManage:359 - Loaded plugin pinoutandconfiguration (category:base,tabindex:1)
2024-07-24 11:31:53,320 [INFO] PluginManage:310 - Check plugin pinoutconfig
2024-07-24 11:31:53,406 [WARN] SupportedApi:132 - Cannot load RTOS API schema: s4s-elt-must-match.1: The content of 'definitions' must match (annotation?, (simpleType | complexType)?, (unique | key | keyref)*)). A problem was found starting at: attribute.
2024-07-24 11:31:53,517 [INFO] PluginManage:359 - Loaded plugin pinoutconfig (category:base,tabindex:0)
2024-07-24 11:31:53,517 [INFO] PluginManage:310 - Check plugin power
2024-07-24 11:31:53,536 [INFO] PluginManage:359 - Loaded plugin power (category:power,tabindex:4)
2024-07-24 11:31:53,536 [INFO] PluginManage:310 - Check plugin projectmanager
2024-07-24 11:31:53,549 [INFO] PluginManage:359 - Loaded plugin projectmanager (category:projectmanager,tabindex:3)
2024-07-24 11:31:53,549 [INFO] PluginManage:310 - Check plugin thirdparty
2024-07-24 11:31:53,774 [INFO] PluginManage:359 - Loaded plugin thirdparty (category:base,tabindex:-1)
2024-07-24 11:31:53,774 [WARN] IntegrityCheckThread:84 - waiting for thirdparty lock release [integrity check]
2024-07-24 11:31:53,774 [INFO] PluginManage:310 - Check plugin tools
2024-07-24 11:31:53,774 [INFO] IntegrityCheckThread:86 - entering critical section [integrity check]
2024-07-24 11:31:53,775 [INFO] ThirdPartyUpdaterWithRetryManager:70 - Updater plugin not ready yet. [1/15]
2024-07-24 11:31:53,806 [INFO] PluginManage:359 - Loaded plugin tools (category:base,tabindex:7)
2024-07-24 11:31:53,806 [INFO] PluginManage:310 - Check plugin tutovideos
2024-07-24 11:31:53,977 [INFO] PluginManage:359 - Loaded plugin tutovideos (category:base,tabindex:-1)
2024-07-24 11:31:53,977 [INFO] PluginManage:310 - Check plugin updater
2024-07-24 11:31:53,987 [INFO] PluginManage:359 - Loaded plugin updater (category:base,tabindex:12)
2024-07-24 11:31:53,987 [INFO] PluginManage:310 - Check plugin userauth
2024-07-24 11:31:53,992 [INFO] UserAuth:114 - Init User Auth plugin
2024-07-24 11:31:53,992 [INFO] PluginManage:359 - Loaded plugin userauth (category:base,tabindex:14)
2024-07-24 11:31:53,992 [INFO] PluginManage:283 - PluginManage : Loaded plugins [17]
2024-07-24 11:31:54,195 [INFO] PinOutPanel:1499 - setPackage(No Configuration,No Configuration)
2024-07-24 11:31:54,271 [INFO] CADModel:165 - CPN selected for project level
2024-07-24 11:31:54,271 [INFO] CADModel:114 - Register for checkConnection events
2024-07-24 11:31:54,297 [INFO] IPUIPlugin:80 - create IPUIPlugin
2024-07-24 11:31:54,297 [INFO] PluginManager:220 - loadIPPluginJar : add adc
2024-07-24 11:31:54,330 [INFO] IPUIPlugin:80 - create IPUIPlugin
2024-07-24 11:31:54,330 [INFO] PluginManager:220 - loadIPPluginJar : add aes
2024-07-24 11:31:54,369 [INFO] IPUIPlugin:80 - create IPUIPlugin
2024-07-24 11:31:54,369 [INFO] PluginManager:220 - loadIPPluginJar : add can
2024-07-24 11:31:54,390 [INFO] IPUIPlugin:80 - create IPUIPlugin
2024-07-24 11:31:54,390 [INFO] PluginManager:220 - loadIPPluginJar : add comp
2024-07-24 11:31:54,418 [INFO] IPUIPlugin:80 - create IPUIPlugin
2024-07-24 11:31:54,418 [INFO] PluginManager:220 - loadIPPluginJar : add cryp
2024-07-24 11:31:54,444 [INFO] IPUIPlugin:80 - create IPUIPlugin
2024-07-24 11:31:54,444 [INFO] PluginManager:220 - loadIPPluginJar : add dfsdm
2024-07-24 11:31:54,456 [INFO] IPUIPlugin:80 - create IPUIPlugin
2024-07-24 11:31:54,457 [INFO] PluginManager:220 - loadIPPluginJar : add dma
2024-07-24 11:31:54,494 [INFO] IPUIPlugin:80 - create IPUIPlugin
2024-07-24 11:31:54,494 [INFO] PluginManager:220 - loadIPPluginJar : add dma3
2024-07-24 11:31:54,513 [INFO] IPUIPlugin:80 - create IPUIPlugin
2024-07-24 11:31:54,513 [INFO] PluginManager:220 - loadIPPluginJar : add fatfs
2024-07-24 11:31:54,556 [INFO] IPUIPlugin:80 - create IPUIPlugin
2024-07-24 11:31:54,556 [INFO] PluginManager:220 - loadIPPluginJar : add fmc
2024-07-24 11:31:54,568 [INFO] IPUIPlugin:80 - create IPUIPlugin
2024-07-24 11:31:54,568 [INFO] PluginManager:220 - loadIPPluginJar : add freertos
2024-07-24 11:31:54,586 [INFO] IPUIPlugin:80 - create IPUIPlugin
2024-07-24 11:31:54,586 [INFO] PluginManager:220 - loadIPPluginJar : add genericplugin
2024-07-24 11:31:54,666 [INFO] IPUIPlugin:80 - create IPUIPlugin
2024-07-24 11:31:54,666 [INFO] PluginManager:220 - loadIPPluginJar : add gfxmmu
2024-07-24 11:31:54,776 [INFO] IPUIPlugin:80 - create IPUIPlugin
2024-07-24 11:31:54,776 [INFO] PluginManager:220 - loadIPPluginJar : add gic
2024-07-24 11:31:54,786 [INFO] IPUIPlugin:80 - create IPUIPlugin
2024-07-24 11:31:54,786 [INFO] PluginManager:220 - loadIPPluginJar : add gpio
2024-07-24 11:31:54,862 [INFO] IPUIPlugin:80 - create IPUIPlugin
2024-07-24 11:31:54,862 [INFO] PluginManager:220 - loadIPPluginJar : add gtzc
2024-07-24 11:31:54,889 [INFO] IPUIPlugin:80 - create IPUIPlugin
2024-07-24 11:31:54,889 [INFO] PluginManager:220 - loadIPPluginJar : add hash
2024-07-24 11:31:54,932 [INFO] IPUIPlugin:80 - create IPUIPlugin
2024-07-24 11:31:54,933 [INFO] PluginManager:220 - loadIPPluginJar : add i2c
2024-07-24 11:31:54,965 [INFO] IPUIPlugin:80 - create IPUIPlugin
2024-07-24 11:31:54,965 [INFO] PluginManager:220 - loadIPPluginJar : add i2s
2024-07-24 11:31:54,999 [INFO] IPUIPlugin:80 - create IPUIPlugin
2024-07-24 11:31:54,999 [INFO] PluginManager:220 - loadIPPluginJar : add i3c
2024-07-24 11:31:55,095 [INFO] IPUIPlugin:80 - create IPUIPlugin
2024-07-24 11:31:55,095 [INFO] PluginManager:220 - loadIPPluginJar : add ipddr
2024-07-24 11:31:55,171 [INFO] IPUIPlugin:80 - create IPUIPlugin
2024-07-24 11:31:55,171 [INFO] PluginManager:220 - loadIPPluginJar : add linkedlist
2024-07-24 11:31:55,201 [INFO] IPUIPlugin:80 - create IPUIPlugin
2024-07-24 11:31:55,201 [INFO] PluginManager:220 - loadIPPluginJar : add lorawan
2024-07-24 11:31:55,232 [INFO] IPUIPlugin:80 - create IPUIPlugin
2024-07-24 11:31:55,232 [INFO] PluginManager:220 - loadIPPluginJar : add ltdc
2024-07-24 11:31:55,244 [INFO] IPUIPlugin:80 - create IPUIPlugin
2024-07-24 11:31:55,244 [INFO] PluginManager:220 - loadIPPluginJar : add mdma
2024-07-24 11:31:55,254 [INFO] IPUIPlugin:80 - create IPUIPlugin
2024-07-24 11:31:55,254 [INFO] PluginManager:220 - loadIPPluginJar : add nvic
2024-07-24 11:31:55,285 [INFO] IPUIPlugin:80 - create IPUIPlugin
2024-07-24 11:31:55,285 [INFO] PluginManager:220 - loadIPPluginJar : add opamp
2024-07-24 11:31:55,335 [INFO] IPUIPlugin:80 - create IPUIPlugin
2024-07-24 11:31:55,335 [INFO] PluginManager:220 - loadIPPluginJar : add openamp
2024-07-24 11:31:55,371 [INFO] IPUIPlugin:80 - create IPUIPlugin
2024-07-24 11:31:55,371 [INFO] PluginManager:220 - loadIPPluginJar : add pdm2pcm
2024-07-24 11:31:55,383 [INFO] IPUIPlugin:80 - create IPUIPlugin
2024-07-24 11:31:55,384 [INFO] PluginManager:220 - loadIPPluginJar : add plateformsettings
2024-07-24 11:31:55,403 [INFO] IPUIPlugin:80 - create IPUIPlugin
2024-07-24 11:31:55,403 [INFO] PluginManager:220 - loadIPPluginJar : add quadspi
2024-07-24 11:31:55,413 [INFO] IPUIPlugin:80 - create IPUIPlugin
2024-07-24 11:31:55,413 [INFO] PluginManager:220 - loadIPPluginJar : add resmgrutility
2024-07-24 11:31:55,457 [INFO] IPUIPlugin:80 - create IPUIPlugin
2024-07-24 11:31:55,457 [INFO] PluginManager:220 - loadIPPluginJar : add sai
2024-07-24 11:31:55,492 [INFO] IPUIPlugin:80 - create IPUIPlugin
2024-07-24 11:31:55,492 [INFO] PluginManager:220 - loadIPPluginJar : add spi
2024-07-24 11:31:55,550 [INFO] IPUIPlugin:80 - create IPUIPlugin
2024-07-24 11:31:55,550 [INFO] PluginManager:220 - loadIPPluginJar : add stm32_wpan
2024-07-24 11:31:55,571 [INFO] IPUIPlugin:80 - create IPUIPlugin
2024-07-24 11:31:55,571 [INFO] PluginManager:220 - loadIPPluginJar : add tim
2024-07-24 11:31:55,618 [INFO] IPUIPlugin:80 - create IPUIPlugin
2024-07-24 11:31:55,618 [INFO] PluginManager:220 - loadIPPluginJar : add touchsensing
2024-07-24 11:31:55,638 [INFO] IPUIPlugin:80 - create IPUIPlugin
2024-07-24 11:31:55,638 [INFO] PluginManager:220 - loadIPPluginJar : add tracer_emb
2024-07-24 11:31:55,658 [INFO] IPUIPlugin:80 - create IPUIPlugin
2024-07-24 11:31:55,658 [INFO] PluginManager:220 - loadIPPluginJar : add ts
2024-07-24 11:31:55,676 [INFO] IPUIPlugin:80 - create IPUIPlugin
2024-07-24 11:31:55,676 [INFO] PluginManager:220 - loadIPPluginJar : add tsc
2024-07-24 11:31:55,696 [INFO] IPUIPlugin:80 - create IPUIPlugin
2024-07-24 11:31:55,696 [INFO] PluginManager:220 - loadIPPluginJar : add ucpd
2024-07-24 11:31:55,734 [INFO] IPUIPlugin:80 - create IPUIPlugin
2024-07-24 11:31:55,734 [INFO] PluginManager:220 - loadIPPluginJar : add usart
2024-07-24 11:31:55,773 [INFO] IPUIPlugin:80 - create IPUIPlugin
2024-07-24 11:31:55,773 [INFO] PluginManager:220 - loadIPPluginJar : add usbx
2024-07-24 11:31:55,899 [INFO] CADModel:165 - CPN selected for project level
2024-07-24 11:31:55,899 [INFO] CADModel:114 - Register for checkConnection events
2024-07-24 11:31:55,900 [FATAL] Updater:308 - Updater called before beeing initialized
2024-07-24 11:31:55,900 [ERROR] CADModel:125 - Updater not yet initialized, retry later 
2024-07-24 11:31:56,054 [INFO] CADModel:165 - CPN selected for project level
2024-07-24 11:31:56,055 [INFO] CADModel:114 - Register for checkConnection events
2024-07-24 11:31:56,055 [FATAL] Updater:308 - Updater called before beeing initialized
2024-07-24 11:31:56,055 [ERROR] CADModel:125 - Updater not yet initialized, retry later 
2024-07-24 11:31:56,058 [FATAL] Updater:308 - Updater called before beeing initialized
2024-07-24 11:31:56,165 [FATAL] Updater:308 - Updater called before beeing initialized
2024-07-24 11:31:56,173 [INFO] DbMcusAds:53 - JSON generation date=Wed Nov 29 17:52:27 ICT 2023 (1701255147349)
2024-07-24 11:31:56,174 [FATAL] Updater:308 - Updater called before beeing initialized
2024-07-24 11:31:56,240 [WARN] DetailPanel:346 - Failed to get advertising image, set to default
2024-07-24 11:31:56,319 [FATAL] Updater:308 - Updater called before beeing initialized
2024-07-24 11:31:56,321 [FATAL] Updater:308 - Updater called before beeing initialized
2024-07-24 11:31:56,321 [FATAL] Updater:308 - Updater called before beeing initialized
2024-07-24 11:31:56,321 [WARN] DetailPanel:346 - Failed to get advertising image, set to default
2024-07-24 11:31:56,322 [FATAL] Updater:308 - Updater called before beeing initialized
2024-07-24 11:31:56,384 [ERROR] Updater:1120 - MainUpdater not yet initialized. External WinMGr cannot be set.
2024-07-24 11:31:56,393 [INFO] Updater:1056 - Updater Version found : 6.10.0
2024-07-24 11:31:56,411 [INFO] ApplicationProperties:184 - Using Application install path: G:\stm32cubeide\stm32cubeide114\STM32CubeIDE_1.14.0\STM32CubeIDE\plugins\com.st.stm32cube.common.mx_6.10.0.202311202037
2024-07-24 11:31:56,497 [INFO] MainUpdater:526 - Copy updater definitions from MX database
2024-07-24 11:31:56,527 [INFO] MainUpdater:559 - Copy flag file definitions from MX database
2024-07-24 11:31:56,528 [INFO] MainUpdater:575 - Copy thirdparty index definitions from MX database
2024-07-24 11:31:56,530 [INFO] MainUpdater:594 - Copy default thirdparty db definitions from MX database
2024-07-24 11:31:56,776 [INFO] ThirdPartyUpdaterWithRetryManager:70 - Updater plugin not ready yet. [2/15]
2024-07-24 11:31:56,994 [INFO] MainUpdater:2873 - connection check result : 10
2024-07-24 11:31:56,995 [INFO] MainUpdater:3567 - Updater definition file requires update
2024-07-24 11:31:56,996 [INFO] MainUpdater:290 - Updater Check For Update Now.
2024-07-24 11:31:56,996 [INFO] MicroXplorer:498 - Change Database Version : DB.6.0.100
2024-07-24 11:31:57,011 [INFO] McuFinderGlobals:63 - Set McuFinder mode to 2 (CubeIDE integrated)
2024-07-24 11:31:57,011 [INFO] McuFinderGlobals:63 - Set McuFinder mode to 2 (CubeIDE integrated)
2024-07-24 11:31:57,011 [INFO] UserAuth:180 - activating auth plugin
2024-07-24 11:31:57,011 [INFO] UserAuth:180 - activating auth plugin
2024-07-24 11:31:57,014 [INFO] UserAuth:404 - Internet connection configuration mode: 1
2024-07-24 11:31:57,014 [INFO] UserAuth:404 - Internet connection configuration mode: 1
2024-07-24 11:31:57,035 [INFO] JxBrowserEngine:152 - Initiate JxBrowser Engine with user profile folder
2024-07-24 11:31:57,294 [INFO] ServerAccessManage:473 - Download File updaters.zip
2024-07-24 11:31:57,597 [INFO] FileExtend:240 - Unzip File : updaters.zip
2024-07-24 11:31:57,597 [INFO] FileExtend:255 - Standard Zip Deflate
2024-07-24 11:31:58,204 [INFO] ServerAccessManage:473 - Download File PacksControlFlags.xml
2024-07-24 11:31:58,410 [INFO] ServerAccessManage:473 - Download File cubemx.pidx
2024-07-24 11:31:58,718 [INFO] ServerAccessManage:473 - Download File STMicroelectronics.FP-ATR-ASTRA1.pdsc
2024-07-24 11:31:59,272 [INFO] ServerAccessManage:473 - Download File STMicroelectronics.FP-ATR-SIGFOX1.pdsc
2024-07-24 11:31:59,629 [INFO] ServerAccessManage:473 - Download File STMicroelectronics.FP-SNS-STBOX1.pdsc
2024-07-24 11:31:59,777 [WARN] MainUpdater:1194 - Updater busy. Cannot search thirdparties
2024-07-24 11:31:59,777 [INFO] ThirdPartyUpdaterWithRetryManager:96 - Updater plugin is busy. [1/15]
2024-07-24 11:31:59,813 [INFO] WebApp:161 - Instantiating new browser for Auth
2024-07-24 11:31:59,922 [INFO] ServerAccessManage:473 - Download File STMicroelectronics.FP-SNS-FLIGHT1.pdsc
2024-07-24 11:32:00,481 [INFO] WebApp:780 - Register for checkConnection events
2024-07-24 11:32:00,481 [INFO] WebApp:414 - Apply proxy settings
2024-07-24 11:32:00,481 [INFO] WebApp:499 - Chromium requires no authentication
2024-07-24 11:32:00,488 [INFO] WebApp:442 - Direct internet connection detected
2024-07-24 11:32:00,526 [INFO] ServerAccessManage:473 - Download File STMicroelectronics.FP-SNS-MOTENV1.pdsc
2024-07-24 11:32:00,713 [INFO] WebApp:192 - Starting web application
2024-07-24 11:32:00,714 [INFO] WebApp:544 - Web application path used G:\stm32cubeide\stm32cubeide114\STM32CubeIDE_1.14.0\STM32CubeIDE\plugins\com.st.stm32cube.common.mx_6.10.0.202311202037\db\plugins\mcufinder\reactClient1\index.html
2024-07-24 11:32:01,194 [INFO] ServerAccessManage:473 - Download File STMicroelectronics.FP-SNS-MOTENVWB1.pdsc
2024-07-24 11:32:01,780 [INFO] ServerAccessManage:473 - Download File STMicroelectronics.FP-SNS-SMARTAG2.pdsc
2024-07-24 11:32:02,072 [INFO] ServerAccessManage:473 - Download File STMicroelectronics.X-CUBE-AI.pdsc
2024-07-24 11:32:02,778 [WARN] MainUpdater:1194 - Updater busy. Cannot search thirdparties
2024-07-24 11:32:02,778 [INFO] ThirdPartyUpdaterWithRetryManager:96 - Updater plugin is busy. [2/15]
2024-07-24 11:32:04,715 [INFO] ServerAccessManage:473 - Download File STMicroelectronics.X-CUBE-ALS.pdsc
2024-07-24 11:32:05,289 [INFO] ServerAccessManage:473 - Download File STMicroelectronics.X-CUBE-BLE1.pdsc
2024-07-24 11:32:05,781 [WARN] MainUpdater:1194 - Updater busy. Cannot search thirdparties
2024-07-24 11:32:05,781 [INFO] ThirdPartyUpdaterWithRetryManager:96 - Updater plugin is busy. [3/15]
2024-07-24 11:32:08,163 [ERROR] ServerAccessManage:1089 - Problem, file not found on Server
2024-07-24 11:32:08,274 [INFO] ServerAccessManage:473 - Download File STMicroelectronics.X-CUBE-BLE2.pdsc
2024-07-24 11:32:08,782 [WARN] MainUpdater:1194 - Updater busy. Cannot search thirdparties
2024-07-24 11:32:08,782 [INFO] ThirdPartyUpdaterWithRetryManager:96 - Updater plugin is busy. [4/15]
2024-07-24 11:32:09,496 [INFO] ServerAccessManage:473 - Download File STMicroelectronics.X-CUBE-BLEMGR.pdsc
2024-07-24 11:32:10,599 [INFO] ServerAccessManage:473 - Download File STMicroelectronics.X-CUBE-DISPLAY.pdsc
2024-07-24 11:32:11,502 [INFO] ServerAccessManage:473 - Download File STMicroelectronics.X-CUBE-DPOWER.pdsc
2024-07-24 11:32:11,782 [WARN] MainUpdater:1194 - Updater busy. Cannot search thirdparties
2024-07-24 11:32:11,782 [INFO] ThirdPartyUpdaterWithRetryManager:96 - Updater plugin is busy. [5/15]
2024-07-24 11:32:12,772 [ERROR] ServerAccessManage:1089 - Problem, file not found on Server
2024-07-24 11:32:14,171 [ERROR] ServerAccessManage:1089 - Problem, file not found on Server
2024-07-24 11:32:14,785 [WARN] MainUpdater:1194 - Updater busy. Cannot search thirdparties
2024-07-24 11:32:14,785 [INFO] ThirdPartyUpdaterWithRetryManager:96 - Updater plugin is busy. [6/15]
2024-07-24 11:32:15,622 [ERROR] ServerAccessManage:1089 - Problem, file not found on Server
2024-07-24 11:32:16,826 [ERROR] ServerAccessManage:1089 - Problem, file not found on Server
2024-07-24 11:32:17,785 [WARN] MainUpdater:1194 - Updater busy. Cannot search thirdparties
2024-07-24 11:32:17,785 [INFO] ThirdPartyUpdaterWithRetryManager:96 - Updater plugin is busy. [7/15]
2024-07-24 11:32:18,083 [ERROR] ServerAccessManage:1089 - Problem, file not found on Server
2024-07-24 11:32:19,503 [ERROR] ServerAccessManage:1089 - Problem, file not found on Server
2024-07-24 11:32:20,678 [ERROR] ServerAccessManage:1089 - Problem, file not found on Server
2024-07-24 11:32:20,786 [WARN] MainUpdater:1194 - Updater busy. Cannot search thirdparties
2024-07-24 11:32:20,786 [INFO] ThirdPartyUpdaterWithRetryManager:96 - Updater plugin is busy. [8/15]
2024-07-24 11:32:21,781 [ERROR] LogOutputStream:75 - [STDERR_REDIRECT] SLF4J: Failed to load class "org.slf4j.impl.StaticLoggerBinder".
2024-07-24 11:32:21,782 [ERROR] LogOutputStream:75 - [STDERR_REDIRECT] SLF4J: Defaulting to no-operation (NOP) logger implementation
2024-07-24 11:32:21,783 [ERROR] LogOutputStream:75 - [STDERR_REDIRECT] SLF4J: See http://www.slf4j.org/codes.html#StaticLoggerBinder for further details.
2024-07-24 11:32:22,058 [ERROR] ServerAccessManage:1089 - Problem, file not found on Server
2024-07-24 11:32:23,247 [ERROR] ServerAccessManage:1089 - Problem, file not found on Server
2024-07-24 11:32:23,786 [WARN] MainUpdater:1194 - Updater busy. Cannot search thirdparties
2024-07-24 11:32:23,786 [INFO] ThirdPartyUpdaterWithRetryManager:96 - Updater plugin is busy. [9/15]
2024-07-24 11:32:24,531 [ERROR] ServerAccessManage:1089 - Problem, file not found on Server
2024-07-24 11:32:24,965 [ERROR] ServerAccessManage:1089 - Problem, file not found on Server
2024-07-24 11:32:25,085 [INFO] ServerAccessManage:473 - Download File STMicroelectronics.X-CUBE-EEPRMA1.pdsc
2024-07-24 11:32:26,391 [ERROR] ServerAccessManage:1089 - Problem, file not found on Server
2024-07-24 11:32:26,788 [WARN] MainUpdater:1194 - Updater busy. Cannot search thirdparties
2024-07-24 11:32:26,788 [INFO] ThirdPartyUpdaterWithRetryManager:96 - Updater plugin is busy. [10/15]
2024-07-24 11:32:28,083 [ERROR] ServerAccessManage:1089 - Problem, file not found on Server
2024-07-24 11:32:28,672 [INFO] ServerAccessManage:473 - Download File STMicroelectronics.X-CUBE-FREERTOS.pdsc
2024-07-24 11:32:29,567 [INFO] ServerAccessManage:473 - Download File STMicroelectronics.X-CUBE-GNSS1.pdsc
2024-07-24 11:32:29,790 [WARN] MainUpdater:1194 - Updater busy. Cannot search thirdparties
2024-07-24 11:32:29,790 [INFO] ThirdPartyUpdaterWithRetryManager:96 - Updater plugin is busy. [11/15]
2024-07-24 11:32:32,046 [ERROR] ServerAccessManage:1089 - Problem, file not found on Server
2024-07-24 11:32:32,790 [WARN] MainUpdater:1194 - Updater busy. Cannot search thirdparties
2024-07-24 11:32:32,790 [INFO] ThirdPartyUpdaterWithRetryManager:96 - Updater plugin is busy. [12/15]
2024-07-24 11:32:33,602 [ERROR] ServerAccessManage:1089 - Problem, file not found on Server
2024-07-24 11:32:34,845 [ERROR] ServerAccessManage:1089 - Problem, file not found on Server
2024-07-24 11:32:35,790 [WARN] MainUpdater:1194 - Updater busy. Cannot search thirdparties
2024-07-24 11:32:35,790 [INFO] ThirdPartyUpdaterWithRetryManager:96 - Updater plugin is busy. [13/15]
2024-07-24 11:32:36,437 [ERROR] ServerAccessManage:1089 - Problem, file not found on Server
2024-07-24 11:32:37,578 [ERROR] ServerAccessManage:1089 - Problem, file not found on Server
2024-07-24 11:32:38,791 [WARN] MainUpdater:1194 - Updater busy. Cannot search thirdparties
2024-07-24 11:32:38,791 [INFO] ThirdPartyUpdaterWithRetryManager:96 - Updater plugin is busy. [14/15]
2024-07-24 11:32:38,927 [ERROR] ServerAccessManage:1089 - Problem, file not found on Server
2024-07-24 11:32:39,047 [INFO] ServerAccessManage:473 - Download File STMicroelectronics.X-CUBE-ISPU.pdsc
2024-07-24 11:32:39,570 [INFO] ServerAccessManage:473 - Download File STMicroelectronics.X-CUBE-MEMS1.pdsc
2024-07-24 11:32:41,795 [WARN] MainUpdater:1194 - Updater busy. Cannot search thirdparties
2024-07-24 11:32:41,795 [INFO] ThirdPartyUpdaterWithRetryManager:96 - Updater plugin is busy. [15/15]
2024-07-24 11:32:41,795 [ERROR] IntegrityCheckThread:130 - Cannot retrieve database content from updater: error -1
2024-07-24 11:32:41,795 [INFO] ThirdParty:978 - Integrity check success = false
2024-07-24 11:32:41,795 [INFO] IntegrityCheckThread:100 - exiting critical section [integrity check]
2024-07-24 11:32:41,795 [INFO] IntegrityCheckThread:103 - End integrity checks thread
2024-07-24 11:32:58,364 [INFO] ServerAccessManage:473 - Download File STMicroelectronics.X-CUBE-NFC4.pdsc
2024-07-24 11:33:00,193 [INFO] ServerAccessManage:473 - Download File STMicroelectronics.X-CUBE-NFC6.pdsc
2024-07-24 11:33:00,582 [INFO] ServerAccessManage:473 - Download File STMicroelectronics.X-CUBE-NFC7.pdsc
2024-07-24 11:33:00,984 [INFO] ServerAccessManage:473 - Download File STMicroelectronics.X-CUBE-SFXS2LP1.pdsc
2024-07-24 11:33:01,783 [INFO] ServerAccessManage:473 - Download File STMicroelectronics.X-CUBE-SAFEA1.pdsc
2024-07-24 11:33:02,149 [INFO] ServerAccessManage:473 - Download File STMicroelectronics.X-CUBE-SUBG2.pdsc
2024-07-24 11:33:03,709 [INFO] ServerAccessManage:473 - Download File STMicroelectronics.X-CUBE-SMBUS.pdsc
2024-07-24 11:33:05,075 [ERROR] ServerAccessManage:1089 - Problem, file not found on Server
2024-07-24 11:33:05,196 [INFO] ServerAccessManage:473 - Download File STMicroelectronics.X-CUBE-TCPP.pdsc
2024-07-24 11:33:05,524 [INFO] ServerAccessManage:473 - Download File STMicroelectronics.X-CUBE-TOF1.pdsc
2024-07-24 11:33:07,861 [ERROR] ServerAccessManage:1089 - Problem, file not found on Server
2024-07-24 11:33:08,236 [INFO] ServerAccessManage:473 - Download File STMicroelectronics.X-CUBE-TOUCHGFX.pdsc
2024-07-24 11:33:11,592 [INFO] ServerAccessManage:473 - Download File STMicroelectronics.X-CUBE-ALGOBUILD.pdsc
2024-07-24 11:33:12,496 [INFO] ServerAccessManage:473 - Download File STMicroelectronics.X-CUBE-AZRTOS-H7.pdsc
2024-07-24 11:33:13,593 [INFO] ServerAccessManage:473 - Download File STMicroelectronics.X-CUBE-AZRTOS-H7RS.pdsc
2024-07-24 11:33:13,974 [INFO] ServerAccessManage:473 - Download File STMicroelectronics.X-CUBE-AZRTOS-F4.pdsc
2024-07-24 11:33:14,484 [INFO] ServerAccessManage:473 - Download File STMicroelectronics.X-CUBE-AZRTOS-F7.pdsc
2024-07-24 11:33:15,130 [INFO] ServerAccessManage:473 - Download File STMicroelectronics.X-CUBE-AZRTOS-L4.pdsc
2024-07-24 11:33:15,750 [INFO] ServerAccessManage:473 - Download File STMicroelectronics.X-CUBE-AZRTOS-L5.pdsc
2024-07-24 11:33:16,494 [INFO] ServerAccessManage:473 - Download File STMicroelectronics.X-CUBE-AZRTOS-G0.pdsc
2024-07-24 11:33:17,054 [INFO] ServerAccessManage:473 - Download File STMicroelectronics.X-CUBE-AZRTOS-G4.pdsc
2024-07-24 11:33:17,500 [INFO] ServerAccessManage:473 - Download File STMicroelectronics.X-CUBE-AZRTOS-WB.pdsc
2024-07-24 11:33:18,005 [INFO] ServerAccessManage:473 - Download File STMicroelectronics.X-CUBE-AZRTOS-WL.pdsc
2024-07-24 11:33:19,547 [INFO] ServerAccessManage:473 - Download File wolfSSL.I-CUBE-wolfSSL.pdsc
2024-07-24 11:33:29,038 [ERROR] ServerAccessManage:1089 - Problem, file not found on Server
2024-07-24 11:33:30,062 [ERROR] ServerAccessManage:1089 - Problem, file not found on Server
2024-07-24 11:33:30,812 [ERROR] ServerAccessManage:1089 - Problem, file not found on Server
2024-07-24 11:33:31,100 [INFO] ServerAccessManage:473 - Download File wolfSSL.I-CUBE-wolfMQTT.pdsc
2024-07-24 11:33:32,931 [ERROR] ServerAccessManage:1089 - Problem, file not found on Server
2024-07-24 11:33:33,213 [INFO] ServerAccessManage:473 - Download File wolfSSL.I-CUBE-wolfTPM.pdsc
2024-07-24 11:33:35,223 [INFO] ServerAccessManage:473 - Download File wolfSSL.I-CUBE-wolfSSH.pdsc
2024-07-24 11:33:40,786 [INFO] ServerAccessManage:473 - Download File RealThread.X-CUBE-RT-Thread_Nano.pdsc
2024-07-24 11:33:47,827 [INFO] ServerAccessManage:473 - Download File SEGGER.I-CUBE-embOS.pdsc
2024-07-24 11:33:51,047 [INFO] ServerAccessManage:473 - Download File portGmbH.I-Cube-SoM-uGOAL.pdsc
2024-07-24 11:33:53,573 [ERROR] ServerAccessManage:1089 - Problem, file not found on Server
2024-07-24 11:33:53,818 [ERROR] ServerAccessManage:1089 - Problem, file not found on Server
2024-07-24 11:33:54,074 [ERROR] ServerAccessManage:1089 - Problem, file not found on Server
2024-07-24 11:33:55,676 [INFO] ServerAccessManage:473 - Download File emotas.I-CUBE-CANOPEN.pdsc
2024-07-24 11:33:57,880 [INFO] ServerAccessManage:473 - Download File WES.I-CUBE-Cesium.pdsc
2024-07-24 11:33:58,781 [ERROR] ServerAccessManage:1089 - Problem, file not found on Server
2024-07-24 11:33:59,176 [ERROR] ServerAccessManage:1089 - Problem, file not found on Server
2024-07-24 11:34:00,447 [INFO] ServerAccessManage:473 - Download File ITTIA_DB.I-CUBE-ITTIADB.pdsc
2024-07-24 11:34:05,693 [INFO] ServerAccessManage:473 - Download File Infineon.AIROC-Wi-Fi-Bluetooth-STM32.pdsc
2024-07-24 11:34:10,943 [INFO] ServerAccessManage:473 - Download File Cesanta.I-CUBE-Mongoose.pdsc
2024-07-24 11:34:14,427 [INFO] WebApp:612 - userauth.ini deleted or not created
2024-07-24 11:34:15,633 [INFO] ServerAccessManage:473 - Download File EmbeddedOffice.I-CUBE-FS-RTOS.pdsc
2024-07-24 11:34:16,407 [WARN] CheckServerUpdateThread:151 - Open CheckUpdateFile Fail
2024-07-24 11:34:16,412 [WARN] PackLoader:240 - Cannot read IP mode file for STMicroelectronics.FP-ATR-ASTRA1.2.0.0
2024-07-24 11:34:16,427 [WARN] PackLoader:240 - Cannot read IP mode file for STMicroelectronics.FP-ATR-SIGFOX1.3.2.0
2024-07-24 11:34:16,455 [WARN] PackLoader:240 - Cannot read IP mode file for STMicroelectronics.FP-SNS-STBOX1.2.0.0
2024-07-24 11:34:16,473 [WARN] PackLoader:240 - Cannot read IP mode file for STMicroelectronics.FP-SNS-FLIGHT1.5.0.2
2024-07-24 11:34:16,480 [WARN] PackLoader:240 - Cannot read IP mode file for STMicroelectronics.FP-SNS-MOTENV1.5.0.0
2024-07-24 11:34:16,488 [WARN] PackLoader:240 - Cannot read IP mode file for STMicroelectronics.FP-SNS-MOTENVWB1.1.4.0
2024-07-24 11:34:16,503 [WARN] PackLoader:240 - Cannot read IP mode file for STMicroelectronics.FP-SNS-SMARTAG2.1.2.0
2024-07-24 11:34:16,513 [WARN] PackLoader:240 - Cannot read IP mode file for STMicroelectronics.X-CUBE-AI.9.0.0
2024-07-24 11:34:16,528 [WARN] PackLoader:240 - Cannot read IP mode file for STMicroelectronics.X-CUBE-ALS.1.0.2
2024-07-24 11:34:16,546 [WARN] PackLoader:240 - Cannot read IP mode file for STMicroelectronics.X-CUBE-BLE1.7.0.0
2024-07-24 11:34:16,558 [WARN] PackLoader:240 - Cannot read IP mode file for STMicroelectronics.X-CUBE-BLE2.3.3.0
2024-07-24 11:34:16,574 [INFO] CheckServerUpdateThread:120 - End of CheckServer Thread
2024-07-24 11:34:16,576 [WARN] PackLoader:240 - Cannot read IP mode file for STMicroelectronics.X-CUBE-BLEMGR.3.1.0
2024-07-24 11:34:16,607 [WARN] PackLoader:240 - Cannot read IP mode file for STMicroelectronics.X-CUBE-DISPLAY.3.0.0
2024-07-24 11:34:16,628 [WARN] PackLoader:240 - Cannot read IP mode file for STMicroelectronics.X-CUBE-DPower.1.2.0
2024-07-24 11:34:16,640 [WARN] PackLoader:240 - Cannot read IP mode file for STMicroelectronics.X-CUBE-EEPRMA1.5.1.0
2024-07-24 11:34:16,650 [WARN] PackLoader:240 - Cannot read IP mode file for STMicroelectronics.X-CUBE-FREERTOS.1.2.0
2024-07-24 11:34:16,658 [WARN] PackLoader:240 - Cannot read IP mode file for STMicroelectronics.X-CUBE-GNSS1.6.0.0
2024-07-24 11:34:16,667 [WARN] PackLoader:240 - Cannot read IP mode file for STMicroelectronics.X-CUBE-ISPU.2.0.0
2024-07-24 11:34:16,747 [WARN] PackLoader:240 - Cannot read IP mode file for STMicroelectronics.X-CUBE-MEMS1.10.0.0
2024-07-24 11:34:16,969 [WARN] PackLoader:240 - Cannot read IP mode file for STMicroelectronics.X-CUBE-NFC4.3.0.0
2024-07-24 11:34:16,980 [WARN] PackLoader:240 - Cannot read IP mode file for STMicroelectronics.X-CUBE-NFC6.3.1.0
2024-07-24 11:34:16,992 [WARN] PackLoader:240 - Cannot read IP mode file for STMicroelectronics.X-CUBE-NFC7.1.0.1
2024-07-24 11:34:17,007 [WARN] PackLoader:240 - Cannot read IP mode file for STMicroelectronics.X-CUBE-SFXS2LP1.4.0.0
2024-07-24 11:34:17,021 [WARN] PackLoader:240 - Cannot read IP mode file for STMicroelectronics.X-CUBE-SAFEA1.1.2.2
2024-07-24 11:34:17,041 [WARN] PackLoader:240 - Cannot read IP mode file for STMicroelectronics.X-CUBE-SUBG2.5.0.0
2024-07-24 11:34:17,053 [WARN] PackLoader:240 - Cannot read IP mode file for STMicroelectronics.X-CUBE-SMBUS.2.1.0
2024-07-24 11:34:17,059 [WARN] PackLoader:240 - Cannot read IP mode file for STMicroelectronics.X-CUBE-TCPP.4.1.0
2024-07-24 11:34:17,077 [WARN] PackLoader:240 - Cannot read IP mode file for STMicroelectronics.X-CUBE-TOF1.3.4.1
2024-07-24 11:34:17,096 [WARN] PackLoader:240 - Cannot read IP mode file for STMicroelectronics.X-CUBE-TOUCHGFX.4.24.0
2024-07-24 11:34:17,107 [WARN] PackLoader:240 - Cannot read IP mode file for STMicroelectronics.X-CUBE-ALGOBUILD.1.4.0
2024-07-24 11:34:17,130 [WARN] PackLoader:240 - Cannot read IP mode file for STMicroelectronics.X-CUBE-AZRTOS-H7.3.2.0
2024-07-24 11:34:17,154 [WARN] PackLoader:240 - Cannot read IP mode file for STMicroelectronics.X-CUBE-AZRTOS-H7RS.1.0.0
2024-07-24 11:34:17,170 [WARN] PackLoader:240 - Cannot read IP mode file for STMicroelectronics.X-CUBE-AZRTOS-F4.1.1.0
2024-07-24 11:34:17,187 [WARN] PackLoader:240 - Cannot read IP mode file for STMicroelectronics.X-CUBE-AZRTOS-F7.1.1.0
2024-07-24 11:34:17,229 [WARN] ConditionMgr:438 - getConditionDescription Invalid condition id : LAN8742 Phy interface Condition cause : null
2024-07-24 11:34:17,230 [WARN] PackLoader:240 - Cannot read IP mode file for STMicroelectronics.X-CUBE-AZRTOS-L4.2.0.0
2024-07-24 11:34:17,232 [WARN] ConditionMgr:1039 - genDependencies : Invalid condition id : LAN8742 Phy interface Condition cause : null
2024-07-24 11:34:17,233 [WARN] ConditionMgr:1039 - genDependencies : Invalid condition id : LAN8742 Phy interface Condition cause : null
2024-07-24 11:34:17,233 [WARN] ConditionMgr:1039 - genDependencies : Invalid condition id : LAN8742 Phy interface Condition cause : null
2024-07-24 11:34:17,255 [WARN] PackLoader:240 - Cannot read IP mode file for STMicroelectronics.X-CUBE-AZRTOS-L5.2.0.0
2024-07-24 11:34:17,275 [WARN] PackLoader:240 - Cannot read IP mode file for STMicroelectronics.X-CUBE-AZRTOS-G0.1.1.0
2024-07-24 11:34:17,306 [WARN] PackLoader:240 - Cannot read IP mode file for STMicroelectronics.X-CUBE-AZRTOS-G4.2.0.0
2024-07-24 11:34:17,321 [WARN] ConditionMgr:438 - getConditionDescription Invalid condition id : UX DEVICE CLASS RTOS Condition cause : null
2024-07-24 11:34:17,322 [WARN] ConditionMgr:438 - getConditionDescription Invalid condition id : UX DEVICE CLASS RTOS Condition cause : null
2024-07-24 11:34:17,324 [WARN] PackLoader:240 - Cannot read IP mode file for STMicroelectronics.X-CUBE-AZRTOS-WB.2.0.0
2024-07-24 11:34:17,326 [WARN] ConditionMgr:1039 - genDependencies : Invalid condition id : UX DEVICE CLASS RTOS Condition cause : null
2024-07-24 11:34:17,326 [WARN] ConditionMgr:1039 - genDependencies : Invalid condition id : UX DEVICE CLASS RTOS Condition cause : null
2024-07-24 11:34:17,327 [WARN] ConditionMgr:1039 - genDependencies : Invalid condition id : UX DEVICE CLASS RTOS Condition cause : null
2024-07-24 11:34:17,327 [WARN] ConditionMgr:1039 - genDependencies : Invalid condition id : UX DEVICE CLASS RTOS Condition cause : null
2024-07-24 11:34:17,328 [WARN] ConditionMgr:1039 - genDependencies : Invalid condition id : UX DEVICE CLASS RTOS Condition cause : null
2024-07-24 11:34:17,339 [INFO] LogOutputStream:77 - [STDOUT_REDIRECT] 1 : Invalid condition id : UX_CORESTACK_Condition cause : null
2024-07-24 11:34:17,340 [INFO] LogOutputStream:77 - [STDOUT_REDIRECT] 1 : Invalid condition id : UX_CORESTACK_Condition cause : null
2024-07-24 11:34:17,343 [INFO] LogOutputStream:77 - [STDOUT_REDIRECT] 1 : Invalid condition id : UX_CORESTACK_Condition cause : null
2024-07-24 11:34:17,344 [INFO] LogOutputStream:77 - [STDOUT_REDIRECT] 1 : Invalid condition id : UX_CORESTACK_Condition cause : null
2024-07-24 11:34:17,346 [INFO] LogOutputStream:77 - [STDOUT_REDIRECT] 1 : Invalid condition id : UX_CORESTACK_Condition cause : null
2024-07-24 11:34:17,349 [WARN] PackLoader:240 - Cannot read IP mode file for STMicroelectronics.X-CUBE-AZRTOS-WL.2.0.0
2024-07-24 11:34:17,354 [WARN] PackLoader:240 - Cannot read IP mode file for wolfSSL.I-CUBE-wolfSSL.5.7.2
2024-07-24 11:34:17,359 [WARN] PackLoader:240 - Cannot read IP mode file for wolfSSL.I-CUBE-wolfMQTT.1.19.0
2024-07-24 11:34:17,363 [WARN] PackLoader:240 - Cannot read IP mode file for wolfSSL.I-CUBE-wolfTPM.3.2.0
2024-07-24 11:34:17,368 [WARN] PackLoader:240 - Cannot read IP mode file for wolfSSL.I-CUBE-wolfSSH.1.4.17
2024-07-24 11:34:17,373 [WARN] PackLoader:240 - Cannot read IP mode file for RealThread.X-CUBE-RT-Thread_Nano.4.1.1
2024-07-24 11:34:17,402 [WARN] PackLoader:240 - Cannot read IP mode file for SEGGER.I-CUBE-embOS.1.3.1
2024-07-24 11:34:17,445 [WARN] PackLoader:240 - Cannot read IP mode file for portGmbH.I-Cube-SoM-uGOAL.1.1.0
2024-07-24 11:34:17,452 [WARN] PackLoader:240 - Cannot read IP mode file for emotas.I-CUBE-CANOPEN.1.3.0
2024-07-24 11:34:17,459 [WARN] PackLoader:240 - Cannot read IP mode file for WES.I-CUBE-Cesium.1.3.0
2024-07-24 11:34:17,466 [WARN] PackLoader:240 - Cannot read IP mode file for ITTIA_DB.I-CUBE-ITTIADB.8.9.0
2024-07-24 11:34:17,480 [WARN] PackLoader:240 - Cannot read IP mode file for Infineon.AIROC-Wi-Fi-Bluetooth-STM32.1.6.0
2024-07-24 11:34:17,489 [WARN] PackLoader:240 - Cannot read IP mode file for Cesanta.I-CUBE-Mongoose.7.13.0
2024-07-24 11:34:17,497 [WARN] PackLoader:240 - Cannot read IP mode file for EmbeddedOffice.I-CUBE-FS-RTOS.1.0.1
2024-07-24 11:34:17,497 [ERROR] ConditionMgr:805 - Attr not supported : Dmpu
2024-07-24 11:34:17,497 [ERROR] ConditionMgr:805 - Attr not supported : Dmpu
2024-07-24 11:34:17,497 [ERROR] ConditionMgr:805 - Attr not supported : Dmpu
2024-07-24 11:34:17,497 [ERROR] ConditionMgr:805 - Attr not supported : Dmpu
2024-07-24 11:34:17,497 [ERROR] ConditionMgr:805 - Attr not supported : Dmpu
2024-07-24 11:34:17,497 [ERROR] ConditionMgr:805 - Attr not supported : Dmpu
2024-07-24 11:34:17,497 [ERROR] ConditionMgr:805 - Attr not supported : Dmpu
2024-07-24 11:34:17,497 [ERROR] ConditionMgr:805 - Attr not supported : Dmpu
2024-07-24 11:34:17,497 [ERROR] ConditionMgr:805 - Attr not supported : Dmpu
2024-07-24 11:34:17,497 [ERROR] ConditionMgr:805 - Attr not supported : Dmpu
2024-07-24 11:34:17,497 [ERROR] ConditionMgr:805 - Attr not supported : Dmpu
2024-07-24 11:34:17,498 [ERROR] ConditionMgr:805 - Attr not supported : Dmpu
2024-07-24 11:34:17,498 [ERROR] ConditionMgr:805 - Attr not supported : Dmpu
2024-07-24 11:34:17,498 [ERROR] ConditionMgr:805 - Attr not supported : Dmpu
2024-07-24 11:34:17,498 [ERROR] ConditionMgr:805 - Attr not supported : Dmpu
2024-07-24 11:34:17,498 [ERROR] ConditionMgr:805 - Attr not supported : Dmpu
2024-07-24 11:34:17,498 [ERROR] ConditionMgr:805 - Attr not supported : Dmpu
2024-07-24 11:34:17,498 [ERROR] ConditionMgr:805 - Attr not supported : Dmpu
2024-07-24 11:34:17,498 [ERROR] ConditionMgr:805 - Attr not supported : Dmpu
2024-07-24 11:34:17,498 [ERROR] ConditionMgr:805 - Attr not supported : Dmpu
2024-07-24 11:34:17,498 [ERROR] ConditionMgr:805 - Attr not supported : Dmpu
2024-07-24 11:34:17,498 [ERROR] ConditionMgr:805 - Attr not supported : Dmpu
2024-07-24 11:34:17,498 [ERROR] ConditionMgr:805 - Attr not supported : Dmpu
2024-07-24 11:34:17,498 [ERROR] ConditionMgr:805 - Attr not supported : Dmpu
2024-07-24 11:34:17,498 [ERROR] ConditionMgr:805 - Attr not supported : Dmpu
2024-07-24 11:34:17,498 [ERROR] ConditionMgr:805 - Attr not supported : Dmpu
2024-07-24 11:34:17,498 [ERROR] ConditionMgr:805 - Attr not supported : Dmpu
2024-07-24 11:34:17,498 [ERROR] ConditionMgr:805 - Attr not supported : Dmpu
2024-07-24 11:34:17,498 [ERROR] ConditionMgr:805 - Attr not supported : Dmpu
2024-07-24 11:34:17,498 [ERROR] ConditionMgr:805 - Attr not supported : Dmpu
2024-07-24 11:34:17,498 [ERROR] ConditionMgr:805 - Attr not supported : Dmpu
2024-07-24 11:34:17,498 [ERROR] ConditionMgr:805 - Attr not supported : Dmpu
2024-07-24 11:34:17,498 [ERROR] ConditionMgr:805 - Attr not supported : Dmpu
2024-07-24 11:34:17,498 [ERROR] ConditionMgr:805 - Attr not supported : Dmpu
2024-07-24 11:34:17,498 [ERROR] ConditionMgr:805 - Attr not supported : Dmpu
2024-07-24 11:34:17,498 [ERROR] ConditionMgr:805 - Attr not supported : Dmpu
2024-07-24 11:34:17,498 [ERROR] ConditionMgr:805 - Attr not supported : Dmpu
2024-07-24 11:34:17,499 [ERROR] ConditionMgr:805 - Attr not supported : Dmpu
2024-07-24 11:34:17,499 [ERROR] ConditionMgr:805 - Attr not supported : Dmpu
2024-07-24 11:34:17,499 [ERROR] ConditionMgr:805 - Attr not supported : Dmpu
2024-07-24 11:34:17,499 [ERROR] ConditionMgr:805 - Attr not supported : Dmpu
2024-07-24 11:34:17,499 [ERROR] ConditionMgr:805 - Attr not supported : Dmpu
2024-07-24 11:34:17,499 [ERROR] ConditionMgr:805 - Attr not supported : Dmpu
2024-07-24 11:34:17,499 [ERROR] ConditionMgr:805 - Attr not supported : Dmpu
2024-07-24 11:34:17,499 [ERROR] ConditionMgr:805 - Attr not supported : Dmpu
2024-07-24 11:34:17,499 [ERROR] ConditionMgr:805 - Attr not supported : Dmpu
2024-07-24 11:34:17,499 [ERROR] ConditionMgr:805 - Attr not supported : Dmpu
2024-07-24 11:34:17,499 [ERROR] ConditionMgr:805 - Attr not supported : Dmpu
2024-07-24 11:34:17,499 [ERROR] ConditionMgr:805 - Attr not supported : Dmpu
2024-07-24 11:34:17,500 [ERROR] ConditionMgr:805 - Attr not supported : Dmpu
2024-07-24 11:34:17,500 [ERROR] ConditionMgr:805 - Attr not supported : Dmpu
2024-07-24 11:34:17,500 [ERROR] ConditionMgr:805 - Attr not supported : Dmpu
2024-07-24 11:34:17,500 [ERROR] ConditionMgr:805 - Attr not supported : Dmpu
2024-07-24 11:34:17,500 [ERROR] ConditionMgr:805 - Attr not supported : Dmpu
2024-07-24 11:34:17,500 [ERROR] ConditionMgr:805 - Attr not supported : Dmpu
2024-07-24 11:34:17,500 [ERROR] ConditionMgr:805 - Attr not supported : Dmpu
2024-07-24 11:34:17,500 [ERROR] ConditionMgr:805 - Attr not supported : Dmpu
2024-07-24 11:34:17,500 [ERROR] ConditionMgr:805 - Attr not supported : Dmpu
2024-07-24 11:34:17,500 [ERROR] ConditionMgr:805 - Attr not supported : Dmpu
2024-07-24 11:34:17,500 [ERROR] ConditionMgr:805 - Attr not supported : Dmpu
2024-07-24 11:34:17,500 [ERROR] ConditionMgr:805 - Attr not supported : Dmpu
2024-07-24 11:34:17,500 [ERROR] ConditionMgr:805 - Attr not supported : Dmpu
2024-07-24 11:34:17,501 [ERROR] ConditionMgr:805 - Attr not supported : Dmpu
2024-07-24 11:34:17,501 [ERROR] ConditionMgr:805 - Attr not supported : Dmpu
2024-07-24 11:34:17,501 [INFO] PopulateThirdPartyThread:66 - Ending populate Thread
2024-07-24 11:34:17,504 [INFO] ThirdParty:1030 - CMSIS Pack Vendor :STMicroelectronics X-CUBE-GNSS1 6.0.0
2024-07-24 11:34:17,504 [INFO] ThirdParty:1030 - CMSIS Pack Vendor :STMicroelectronics FP-SNS-MOTENVWB1 1.4.0
2024-07-24 11:34:17,504 [INFO] ThirdParty:1030 - CMSIS Pack Vendor :STMicroelectronics X-CUBE-AZRTOS-F4 1.1.0
2024-07-24 11:34:17,504 [INFO] ThirdParty:1030 - CMSIS Pack Vendor :STMicroelectronics X-CUBE-SMBUS 2.1.0
2024-07-24 11:34:17,504 [INFO] ThirdParty:1030 - CMSIS Pack Vendor :STMicroelectronics X-CUBE-TCPP 4.1.0
2024-07-24 11:34:17,504 [INFO] ThirdParty:1030 - CMSIS Pack Vendor :STMicroelectronics X-CUBE-FREERTOS 1.2.0
2024-07-24 11:34:17,504 [INFO] ThirdParty:1030 - CMSIS Pack Vendor :STMicroelectronics X-CUBE-AZRTOS-WB 2.0.0
2024-07-24 11:34:17,504 [INFO] ThirdParty:1030 - CMSIS Pack Vendor :STMicroelectronics X-CUBE-AZRTOS-F7 1.1.0
2024-07-24 11:34:17,504 [INFO] ThirdParty:1030 - CMSIS Pack Vendor :STMicroelectronics X-CUBE-AZRTOS-L5 2.0.0
2024-07-24 11:34:17,504 [INFO] ThirdParty:1030 - CMSIS Pack Vendor :STMicroelectronics X-CUBE-NFC6 3.1.0
2024-07-24 11:34:17,504 [INFO] ThirdParty:1030 - CMSIS Pack Vendor :STMicroelectronics FP-SNS-STBOX1 2.0.0
2024-07-24 11:34:17,504 [INFO] ThirdParty:1030 - CMSIS Pack Vendor :STMicroelectronics X-CUBE-AZRTOS-G0 1.1.0
2024-07-24 11:34:17,504 [INFO] ThirdParty:1030 - CMSIS Pack Vendor :STMicroelectronics X-CUBE-DPower 1.2.0
2024-07-24 11:34:17,504 [INFO] ThirdParty:1030 - CMSIS Pack Vendor :STMicroelectronics X-CUBE-NFC4 3.0.0
2024-07-24 11:34:17,504 [INFO] ThirdParty:1030 - CMSIS Pack Vendor :STMicroelectronics X-CUBE-SAFEA1 1.2.2
2024-07-24 11:34:17,504 [INFO] ThirdParty:1030 - CMSIS Pack Vendor :STMicroelectronics X-CUBE-SUBG2 5.0.0
2024-07-24 11:34:17,504 [INFO] ThirdParty:1030 - CMSIS Pack Vendor :EmbeddedOffice I-CUBE-FS-RTOS 1.0.1
2024-07-24 11:34:17,504 [INFO] ThirdParty:1030 - CMSIS Pack Vendor :STMicroelectronics FP-SNS-FLIGHT1 5.0.2
2024-07-24 11:34:17,504 [INFO] ThirdParty:1030 - CMSIS Pack Vendor :Cesanta I-CUBE-Mongoose 7.13.0
2024-07-24 11:34:17,504 [INFO] ThirdParty:1030 - CMSIS Pack Vendor :STMicroelectronics X-CUBE-AI 9.0.0
2024-07-24 11:34:17,504 [INFO] ThirdParty:1030 - CMSIS Pack Vendor :STMicroelectronics X-CUBE-AZRTOS-G4 2.0.0
2024-07-24 11:34:17,504 [INFO] ThirdParty:1030 - CMSIS Pack Vendor :STMicroelectronics X-CUBE-DISPLAY 3.0.0
2024-07-24 11:34:17,504 [INFO] ThirdParty:1030 - CMSIS Pack Vendor :RealThread X-CUBE-RT-Thread_Nano 4.1.1
2024-07-24 11:34:17,505 [INFO] ThirdParty:1030 - CMSIS Pack Vendor :STMicroelectronics FP-ATR-SIGFOX1 3.2.0
2024-07-24 11:34:17,505 [INFO] ThirdParty:1030 - CMSIS Pack Vendor :STMicroelectronics X-CUBE-BLE1 7.0.0
2024-07-24 11:34:17,505 [INFO] ThirdParty:1030 - CMSIS Pack Vendor :wolfSSL I-CUBE-wolfSSL 5.7.2
2024-07-24 11:34:17,505 [INFO] ThirdParty:1030 - CMSIS Pack Vendor :STMicroelectronics X-CUBE-ISPU 2.0.0
2024-07-24 11:34:17,505 [INFO] ThirdParty:1030 - CMSIS Pack Vendor :STMicroelectronics X-CUBE-EEPRMA1 5.1.0
2024-07-24 11:34:17,505 [INFO] ThirdParty:1030 - CMSIS Pack Vendor :STMicroelectronics X-CUBE-ALS 1.0.2
2024-07-24 11:34:17,505 [INFO] ThirdParty:1030 - CMSIS Pack Vendor :emotas I-CUBE-CANOPEN 1.3.0
2024-07-24 11:34:17,505 [INFO] ThirdParty:1030 - CMSIS Pack Vendor :STMicroelectronics X-CUBE-MEMS1 10.0.0
2024-07-24 11:34:17,505 [INFO] ThirdParty:1030 - CMSIS Pack Vendor :STMicroelectronics X-CUBE-NFC7 1.0.1
2024-07-24 11:34:17,505 [INFO] ThirdParty:1030 - CMSIS Pack Vendor :STMicroelectronics X-CUBE-TOUCHGFX 4.24.0
2024-07-24 11:34:17,505 [INFO] ThirdParty:1030 - CMSIS Pack Vendor :ITTIA_DB I-CUBE-ITTIADB 8.9.0
2024-07-24 11:34:17,505 [INFO] ThirdParty:1030 - CMSIS Pack Vendor :wolfSSL I-CUBE-wolfTPM 3.2.0
2024-07-24 11:34:17,505 [INFO] ThirdParty:1030 - CMSIS Pack Vendor :portGmbH I-Cube-SoM-uGOAL 1.1.0
2024-07-24 11:34:17,505 [INFO] ThirdParty:1030 - CMSIS Pack Vendor :STMicroelectronics X-CUBE-BLEMGR 3.1.0
2024-07-24 11:34:17,505 [INFO] ThirdParty:1030 - CMSIS Pack Vendor :STMicroelectronics FP-SNS-SMARTAG2 1.2.0
2024-07-24 11:34:17,505 [INFO] ThirdParty:1030 - CMSIS Pack Vendor :STMicroelectronics X-CUBE-AZRTOS-WL 2.0.0
2024-07-24 11:34:17,505 [INFO] ThirdParty:1030 - CMSIS Pack Vendor :SEGGER I-CUBE-embOS 1.3.1
2024-07-24 11:34:17,505 [INFO] ThirdParty:1030 - CMSIS Pack Vendor :STMicroelectronics X-CUBE-ALGOBUILD 1.4.0
2024-07-24 11:34:17,505 [INFO] ThirdParty:1030 - CMSIS Pack Vendor :STMicroelectronics FP-SNS-MOTENV1 5.0.0
2024-07-24 11:34:17,505 [INFO] ThirdParty:1030 - CMSIS Pack Vendor :STMicroelectronics X-CUBE-AZRTOS-H7RS 1.0.0
2024-07-24 11:34:17,505 [INFO] ThirdParty:1030 - CMSIS Pack Vendor :wolfSSL I-CUBE-wolfMQTT 1.19.0
2024-07-24 11:34:17,505 [INFO] ThirdParty:1030 - CMSIS Pack Vendor :STMicroelectronics X-CUBE-AZRTOS-L4 2.0.0
2024-07-24 11:34:17,505 [INFO] ThirdParty:1030 - CMSIS Pack Vendor :STMicroelectronics FP-ATR-ASTRA1 2.0.0
2024-07-24 11:34:17,505 [INFO] ThirdParty:1030 - CMSIS Pack Vendor :WES I-CUBE-Cesium 1.3.0
2024-07-24 11:34:17,505 [INFO] ThirdParty:1030 - CMSIS Pack Vendor :STMicroelectronics X-CUBE-SFXS2LP1 4.0.0
2024-07-24 11:34:17,505 [INFO] ThirdParty:1030 - CMSIS Pack Vendor :STMicroelectronics X-CUBE-BLE2 3.3.0
2024-07-24 11:34:17,506 [INFO] ThirdParty:1030 - CMSIS Pack Vendor :STMicroelectronics X-CUBE-TOF1 3.4.1
2024-07-24 11:34:17,506 [INFO] ThirdParty:1030 - CMSIS Pack Vendor :STMicroelectronics X-CUBE-AZRTOS-H7 3.2.0
2024-07-24 11:34:17,506 [INFO] ThirdParty:1030 - CMSIS Pack Vendor :Infineon AIROC-Wi-Fi-Bluetooth-STM32 1.6.0
2024-07-24 11:34:17,506 [INFO] ThirdParty:1030 - CMSIS Pack Vendor :wolfSSL I-CUBE-wolfSSH 1.4.17
2024-07-24 11:34:17,508 [INFO] LoadServerUpdatesThread:375 - End of LoadServerUpdate Thread
2024-07-24 11:43:15,760 [ERROR] LogOutputStream:75 - [STDERR_REDIRECT] 
